<?xml version="1.0" encoding="UTF-8"?>
<testsuites name="Digital Loyalty" time="866" tests="33" failures="0" errors="1">
   <testsuite name="Digital Loyalty" tests="33" failures="0" errors="1" time="866" timestamp="2018-10-15 16:30:23" hostname="thuat - DESKTOP-PB1MMKA" id="Test Suites/Digital Loyalty">
      <properties>
         <property name="deviceName" value=""/>
         <property name="devicePlatform" value=""/>
         <property name="logFolder" value="C:\\Users\\thuat\\Documents\\GitHub\\iPayment\\Reports\\Digital Loyalty\\20181015_163017"/>
         <property name="logFiles" value="C:\\Users\\thuat\\Documents\\GitHub\\iPayment\\Reports\\Digital Loyalty\\20181015_163017\\execution0.log"/>
         <property name="attachments" value=""/>
         <property name="hostName" value="thuat - DESKTOP-PB1MMKA"/>
         <property name="os" value="Windows 10 64bit"/>
         <property name="katalonVersion" value="5.7.1.1"/>
         <property name="browser" value="Chrome 69.0.3497.100"/>
         <property name="hostAddress" value="10.0.0.173"/>
         <property name="sessionId" value="1febc2e7b4035bdf5aab6d8cddfae356"/>
         <property name="seleniumVersion" value="3.7.1"/>
         <property name="proxyInformation" value="ProxyInformation{proxyOption=NO_PROXY, proxyServerType=HTTP, password=, proxyServerAddress=, proxyServerPort=0}"/>
         <property name="platform" value="Windows 10"/>
      </properties>
      <testcase name="Test Cases/Digital Loyalty/Login/DigLog_01_Verify that logging un-successfully with wrong email" classname="Test Cases/Digital Loyalty/Login/DigLog_01_Verify that logging un-successfully with wrong email" status="PASSED">
         <system-out><![CDATA[2018-10-15 16:30:24 - [TEST_CASE][PASSED] - Test Cases/Digital Loyalty/Login/DigLog_01_Verify that logging un-successfully with wrong email: Test Cases/Digital Loyalty/Login/DigLog_01_Verify that logging un-successfully with wrong email

2018-10-15 16:30:25 - [TEST_STEP][PASSED] - comment: steps

2018-10-15 16:30:25 - [TEST_STEP][PASSED] - customkeyword.CommonKeyword.OpenBrowser: customkeyword.CommonKeyword.OpenBrowser is PASSED

2018-10-15 16:30:35 - [MESSAGE][PASSED] - Browser is opened with url: 'https://merchant.staging-1.pirq.com/merchant/login'

2018-10-15 16:30:36 - [MESSAGE][PASSED] - Current window maximized

2018-10-15 16:30:36 - [MESSAGE][PASSED] - customkeyword.CommonKeyword.OpenBrowser is PASSED

2018-10-15 16:30:36 - [TEST_STEP][PASSED] - setText: Text 'ipaymenttestwrongemail@yopmail.com' is set on object 'Object Repository/Sys_Login inf/txt_Email_System_Login'

2018-10-15 16:30:38 - [MESSAGE][PASSED] - Text 'ipaymenttestwrongemail@yopmail.com' is set on object 'Object Repository/Sys_Login inf/txt_Email_System_Login'

2018-10-15 16:30:38 - [TEST_STEP][PASSED] - setText: Text '123456?a' is set on object 'Object Repository/Sys_Login inf/txt_Password_System_Login'

2018-10-15 16:30:39 - [MESSAGE][PASSED] - Text '123456?a' is set on object 'Object Repository/Sys_Login inf/txt_Password_System_Login'

2018-10-15 16:30:39 - [TEST_STEP][PASSED] - click: Object: 'Object Repository/Sys_Login inf/btn_Login_System_Login' is clicked on

2018-10-15 16:30:40 - [MESSAGE][PASSED] - Object: 'Object Repository/Sys_Login inf/btn_Login_System_Login' is clicked on

2018-10-15 16:30:40 - [TEST_STEP][PASSED] - verifyElementPresent: Object 'Object Repository/Sys_Login inf/lbl_Loginfailed_System_Login' is present

2018-10-15 16:30:41 - [MESSAGE][PASSED] - Object 'Object Repository/Sys_Login inf/lbl_Loginfailed_System_Login' is present

2018-10-15 16:30:41 - [TEST_STEP][PASSED] - closeBrowser: Browser is closed

2018-10-15 16:30:42 - [MESSAGE][PASSED] - Browser is closed]]></system-out>
         <system-err><![CDATA[]]></system-err>
      </testcase>
      <testcase name="Test Cases/Digital Loyalty/Login/DigLog_02_Verify that logging un-successfully with wrong password" classname="Test Cases/Digital Loyalty/Login/DigLog_02_Verify that logging un-successfully with wrong password" status="PASSED">
         <system-out><![CDATA[2018-10-15 16:30:42 - [TEST_CASE][PASSED] - Test Cases/Digital Loyalty/Login/DigLog_02_Verify that logging un-successfully with wrong password: Test Cases/Digital Loyalty/Login/DigLog_02_Verify that logging un-successfully with wrong password

2018-10-15 16:30:43 - [TEST_STEP][PASSED] - comment: steps

2018-10-15 16:30:43 - [TEST_STEP][PASSED] - customkeyword.CommonKeyword.OpenBrowser: customkeyword.CommonKeyword.OpenBrowser is PASSED

2018-10-15 16:30:49 - [MESSAGE][PASSED] - Browser is opened with url: 'https://merchant.staging-1.pirq.com/merchant/login'

2018-10-15 16:30:50 - [MESSAGE][PASSED] - Current window maximized

2018-10-15 16:30:50 - [MESSAGE][PASSED] - customkeyword.CommonKeyword.OpenBrowser is PASSED

2018-10-15 16:30:50 - [TEST_STEP][PASSED] - setText: Text 'thuataaa@yopmail.com' is set on object 'Object Repository/Sys_Login inf/txt_Email_System_Login'

2018-10-15 16:30:51 - [MESSAGE][PASSED] - Text 'thuataaa@yopmail.com' is set on object 'Object Repository/Sys_Login inf/txt_Email_System_Login'

2018-10-15 16:30:51 - [TEST_STEP][PASSED] - setText: Text '123456?aa' is set on object 'Object Repository/Sys_Login inf/txt_Password_System_Login'

2018-10-15 16:30:52 - [MESSAGE][PASSED] - Text '123456?aa' is set on object 'Object Repository/Sys_Login inf/txt_Password_System_Login'

2018-10-15 16:30:52 - [TEST_STEP][PASSED] - click: Object: 'Object Repository/Sys_Login inf/btn_Login_System_Login' is clicked on

2018-10-15 16:30:54 - [MESSAGE][PASSED] - Object: 'Object Repository/Sys_Login inf/btn_Login_System_Login' is clicked on

2018-10-15 16:30:54 - [TEST_STEP][PASSED] - verifyElementPresent: Object 'Object Repository/Sys_Login inf/lbl_Loginfailed_System_Login' is present

2018-10-15 16:30:54 - [MESSAGE][PASSED] - Object 'Object Repository/Sys_Login inf/lbl_Loginfailed_System_Login' is present

2018-10-15 16:30:54 - [TEST_STEP][PASSED] - closeBrowser: Browser is closed

2018-10-15 16:30:55 - [MESSAGE][PASSED] - Browser is closed]]></system-out>
         <system-err><![CDATA[]]></system-err>
      </testcase>
      <testcase name="Test Cases/Digital Loyalty/Login/DigLog_03_Verify that logging successfully" classname="Test Cases/Digital Loyalty/Login/DigLog_03_Verify that logging successfully" status="PASSED">
         <system-out><![CDATA[2018-10-15 16:30:55 - [TEST_CASE][PASSED] - Test Cases/Digital Loyalty/Login/DigLog_03_Verify that logging successfully: Test Cases/Digital Loyalty/Login/DigLog_03_Verify that logging successfully

2018-10-15 16:30:55 - [TEST_STEP][PASSED] - comment: steps

2018-10-15 16:30:55 - [TEST_STEP][PASSED] - customkeyword.CommonKeyword.OpenBrowser: customkeyword.CommonKeyword.OpenBrowser is PASSED

2018-10-15 16:31:01 - [MESSAGE][PASSED] - Browser is opened with url: 'https://merchant.staging-1.pirq.com/merchant/login'

2018-10-15 16:31:02 - [MESSAGE][PASSED] - Current window maximized

2018-10-15 16:31:02 - [MESSAGE][PASSED] - customkeyword.CommonKeyword.OpenBrowser is PASSED

2018-10-15 16:31:02 - [TEST_STEP][PASSED] - setText: Text 'thuataaa@yopmail.com' is set on object 'Object Repository/Sys_Login inf/txt_Email_System_Login'

2018-10-15 16:31:03 - [MESSAGE][PASSED] - Text 'thuataaa@yopmail.com' is set on object 'Object Repository/Sys_Login inf/txt_Email_System_Login'

2018-10-15 16:31:03 - [TEST_STEP][PASSED] - setText: Text '123456?a' is set on object 'Object Repository/Sys_Login inf/txt_Password_System_Login'

2018-10-15 16:31:04 - [MESSAGE][PASSED] - Text '123456?a' is set on object 'Object Repository/Sys_Login inf/txt_Password_System_Login'

2018-10-15 16:31:04 - [TEST_STEP][PASSED] - click: Object: 'Object Repository/Sys_Login inf/btn_Login_System_Login' is clicked on

2018-10-15 16:31:05 - [MESSAGE][PASSED] - Object: 'Object Repository/Sys_Login inf/btn_Login_System_Login' is clicked on

2018-10-15 16:31:05 - [TEST_STEP][PASSED] - verifyElementPresent: Object 'Object Repository/Digital Loyalty/Sys_Merchant inf/lbl_MyVenues_System_Merchant' is present

2018-10-15 16:31:05 - [MESSAGE][PASSED] - Object 'Object Repository/Digital Loyalty/Sys_Merchant inf/lbl_MyVenues_System_Merchant' is present

2018-10-15 16:31:05 - [TEST_STEP][PASSED] - closeBrowser: Browser is closed

2018-10-15 16:31:06 - [MESSAGE][PASSED] - Browser is closed]]></system-out>
         <system-err><![CDATA[]]></system-err>
      </testcase>
      <testcase name="Test Cases/Digital Loyalty/Sign Up/DigSig_01_Verify that submitting un-successfully digital loyalty account with missing email at step 1" classname="Test Cases/Digital Loyalty/Sign Up/DigSig_01_Verify that submitting un-successfully digital loyalty account with missing email at step 1" status="PASSED">
         <system-out><![CDATA[2018-10-15 16:31:06 - [TEST_CASE][PASSED] - Test Cases/Digital Loyalty/Sign Up/DigSig_01_Verify that submitting un-successfully digital loyalty account with missing email at step 1: Test Cases/Digital Loyalty/Sign Up/DigSig_01_Verify that submitting un-successfully digital loyalty account with missing email at step 1

2018-10-15 16:31:07 - [TEST_STEP][PASSED] - comment: Steps

2018-10-15 16:31:07 - [TEST_STEP][PASSED] - customkeyword.CommonKeyword.OpenBrowser: customkeyword.CommonKeyword.OpenBrowser is PASSED

2018-10-15 16:31:13 - [MESSAGE][PASSED] - Browser is opened with url: 'https://staging-1.pirq.com/digital-loyalty/signup'

2018-10-15 16:31:15 - [MESSAGE][PASSED] - Current window maximized

2018-10-15 16:31:15 - [MESSAGE][PASSED] - customkeyword.CommonKeyword.OpenBrowser is PASSED

2018-10-15 16:31:15 - [TEST_STEP][PASSED] - setText: Text 'first name' is set on object 'Object Repository/Digital Loyalty/Por_Digital inf/txt_FirstName_Por_Dig_Step1'

2018-10-15 16:31:16 - [MESSAGE][PASSED] - Text 'first name' is set on object 'Object Repository/Digital Loyalty/Por_Digital inf/txt_FirstName_Por_Dig_Step1'

2018-10-15 16:31:16 - [TEST_STEP][PASSED] - setText: Text 'last name' is set on object 'Object Repository/Digital Loyalty/Por_Digital inf/txt_LastName_Por_Dig_Step1'

2018-10-15 16:31:17 - [MESSAGE][PASSED] - Text 'last name' is set on object 'Object Repository/Digital Loyalty/Por_Digital inf/txt_LastName_Por_Dig_Step1'

2018-10-15 16:31:17 - [TEST_STEP][PASSED] - setText: Text '+84123456789' is set on object 'Object Repository/Digital Loyalty/Por_Digital inf/txt_Phone_Por_Dig_Step1'

2018-10-15 16:31:17 - [MESSAGE][PASSED] - Text '+84123456789' is set on object 'Object Repository/Digital Loyalty/Por_Digital inf/txt_Phone_Por_Dig_Step1'

2018-10-15 16:31:17 - [TEST_STEP][PASSED] - setText: Text 'test Company' is set on object 'Object Repository/Digital Loyalty/Por_Digital inf/txt_BusinessName_Por_Dig_Step1'

2018-10-15 16:31:18 - [MESSAGE][PASSED] - Text 'test Company' is set on object 'Object Repository/Digital Loyalty/Por_Digital inf/txt_BusinessName_Por_Dig_Step1'

2018-10-15 16:31:18 - [TEST_STEP][PASSED] - setText: Text '123 street' is set on object 'Object Repository/Digital Loyalty/Por_Digital inf/txt_StreetAddress_Por_Dig_Step1'

2018-10-15 16:31:18 - [MESSAGE][PASSED] - Text '123 street' is set on object 'Object Repository/Digital Loyalty/Por_Digital inf/txt_StreetAddress_Por_Dig_Step1'

2018-10-15 16:31:18 - [TEST_STEP][PASSED] - setText: Text 'HCMC' is set on object 'Object Repository/Digital Loyalty/Por_Digital inf/txt_City_Por_Dig_Step1'

2018-10-15 16:31:19 - [MESSAGE][PASSED] - Text 'HCMC' is set on object 'Object Repository/Digital Loyalty/Por_Digital inf/txt_City_Por_Dig_Step1'

2018-10-15 16:31:19 - [TEST_STEP][PASSED] - setText: Text '70000' is set on object 'Object Repository/Digital Loyalty/Por_Digital inf/txt_PostalCode_Por_Dig_Step1'

2018-10-15 16:31:19 - [MESSAGE][PASSED] - Text '70000' is set on object 'Object Repository/Digital Loyalty/Por_Digital inf/txt_PostalCode_Por_Dig_Step1'

2018-10-15 16:31:19 - [TEST_STEP][PASSED] - click: Object: 'Object Repository/Digital Loyalty/Por_Digital inf/btn_NextStep_Por_Dig_Step1' is clicked on

2018-10-15 16:31:20 - [MESSAGE][PASSED] - Object: 'Object Repository/Digital Loyalty/Por_Digital inf/btn_NextStep_Por_Dig_Step1' is clicked on

2018-10-15 16:31:20 - [TEST_STEP][PASSED] - verifyElementPresent: Object 'Object Repository/Digital Loyalty/Por_Digital inf/lbl_MissingEmail_Step1' is present

2018-10-15 16:31:20 - [MESSAGE][PASSED] - Object 'Object Repository/Digital Loyalty/Por_Digital inf/lbl_MissingEmail_Step1' is present

2018-10-15 16:31:20 - [TEST_STEP][PASSED] - closeBrowser: Browser is closed

2018-10-15 16:31:21 - [MESSAGE][PASSED] - Browser is closed]]></system-out>
         <system-err><![CDATA[]]></system-err>
      </testcase>
      <testcase name="Test Cases/Digital Loyalty/Sign Up/DigSig_02_Verify that submitting un-successfully digital loyalty account with missing Phone at step 1" classname="Test Cases/Digital Loyalty/Sign Up/DigSig_02_Verify that submitting un-successfully digital loyalty account with missing Phone at step 1" status="PASSED">
         <system-out><![CDATA[2018-10-15 16:31:21 - [TEST_CASE][PASSED] - Test Cases/Digital Loyalty/Sign Up/DigSig_02_Verify that submitting un-successfully digital loyalty account with missing Phone at step 1: Test Cases/Digital Loyalty/Sign Up/DigSig_02_Verify that submitting un-successfully digital loyalty account with missing Phone at step 1

2018-10-15 16:31:22 - [TEST_STEP][PASSED] - comment: Steps

2018-10-15 16:31:22 - [TEST_STEP][PASSED] - customkeyword.CommonKeyword.OpenBrowser: customkeyword.CommonKeyword.OpenBrowser is PASSED

2018-10-15 16:31:29 - [MESSAGE][PASSED] - Browser is opened with url: 'https://staging-1.pirq.com/digital-loyalty/signup'

2018-10-15 16:31:30 - [MESSAGE][PASSED] - Current window maximized

2018-10-15 16:31:30 - [MESSAGE][PASSED] - customkeyword.CommonKeyword.OpenBrowser is PASSED

2018-10-15 16:31:30 - [TEST_STEP][PASSED] - setText: Text 'first name' is set on object 'Object Repository/Digital Loyalty/Por_Digital inf/txt_FirstName_Por_Dig_Step1'

2018-10-15 16:31:30 - [MESSAGE][PASSED] - Text 'first name' is set on object 'Object Repository/Digital Loyalty/Por_Digital inf/txt_FirstName_Por_Dig_Step1'

2018-10-15 16:31:30 - [TEST_STEP][PASSED] - setText: Text 'last name' is set on object 'Object Repository/Digital Loyalty/Por_Digital inf/txt_LastName_Por_Dig_Step1'

2018-10-15 16:31:31 - [MESSAGE][PASSED] - Text 'last name' is set on object 'Object Repository/Digital Loyalty/Por_Digital inf/txt_LastName_Por_Dig_Step1'

2018-10-15 16:31:31 - [TEST_STEP][PASSED] - Statement - var_DigSignedUpEmail = CustomKeywords.customkeyword.CommonKeyword.GenerateEmail("Digital"): customkeyword.CommonKeyword.GenerateEmail is PASSED

2018-10-15 16:31:31 - [MESSAGE][PASSED] - customkeyword.CommonKeyword.GenerateEmail is PASSED

2018-10-15 16:31:31 - [TEST_STEP][PASSED] - setText: Text 'Digital151018043131@yopmail.com' is set on object 'Object Repository/Digital Loyalty/Por_Digital inf/txt_Email_Por_Dig_Step1'

2018-10-15 16:31:32 - [MESSAGE][PASSED] - Text 'Digital151018043131@yopmail.com' is set on object 'Object Repository/Digital Loyalty/Por_Digital inf/txt_Email_Por_Dig_Step1'

2018-10-15 16:31:32 - [TEST_STEP][PASSED] - setText: Text 'test Company' is set on object 'Object Repository/Digital Loyalty/Por_Digital inf/txt_BusinessName_Por_Dig_Step1'

2018-10-15 16:31:32 - [MESSAGE][PASSED] - Text 'test Company' is set on object 'Object Repository/Digital Loyalty/Por_Digital inf/txt_BusinessName_Por_Dig_Step1'

2018-10-15 16:31:32 - [TEST_STEP][PASSED] - setText: Text '123 street' is set on object 'Object Repository/Digital Loyalty/Por_Digital inf/txt_StreetAddress_Por_Dig_Step1'

2018-10-15 16:31:33 - [MESSAGE][PASSED] - Text '123 street' is set on object 'Object Repository/Digital Loyalty/Por_Digital inf/txt_StreetAddress_Por_Dig_Step1'

2018-10-15 16:31:33 - [TEST_STEP][PASSED] - setText: Text 'HCMC' is set on object 'Object Repository/Digital Loyalty/Por_Digital inf/txt_City_Por_Dig_Step1'

2018-10-15 16:31:33 - [MESSAGE][PASSED] - Text 'HCMC' is set on object 'Object Repository/Digital Loyalty/Por_Digital inf/txt_City_Por_Dig_Step1'

2018-10-15 16:31:33 - [TEST_STEP][PASSED] - setText: Text '70000' is set on object 'Object Repository/Digital Loyalty/Por_Digital inf/txt_PostalCode_Por_Dig_Step1'

2018-10-15 16:31:34 - [MESSAGE][PASSED] - Text '70000' is set on object 'Object Repository/Digital Loyalty/Por_Digital inf/txt_PostalCode_Por_Dig_Step1'

2018-10-15 16:31:34 - [TEST_STEP][PASSED] - click: Object: 'Object Repository/Digital Loyalty/Por_Digital inf/btn_NextStep_Por_Dig_Step1' is clicked on

2018-10-15 16:31:34 - [MESSAGE][PASSED] - Object: 'Object Repository/Digital Loyalty/Por_Digital inf/btn_NextStep_Por_Dig_Step1' is clicked on

2018-10-15 16:31:34 - [TEST_STEP][PASSED] - verifyElementPresent: Object 'Object Repository/Digital Loyalty/Por_Digital inf/lbl_MissingPhone_Por_Dig_Step1' is present

2018-10-15 16:31:35 - [MESSAGE][PASSED] - Object 'Object Repository/Digital Loyalty/Por_Digital inf/lbl_MissingPhone_Por_Dig_Step1' is present

2018-10-15 16:31:35 - [TEST_STEP][PASSED] - closeBrowser: Browser is closed

2018-10-15 16:31:36 - [MESSAGE][PASSED] - Browser is closed]]></system-out>
         <system-err><![CDATA[]]></system-err>
      </testcase>
      <testcase name="Test Cases/Digital Loyalty/Sign Up/DigSig_03_Verify that submitting un-successfully digital loyalty account with existing email at step 1" classname="Test Cases/Digital Loyalty/Sign Up/DigSig_03_Verify that submitting un-successfully digital loyalty account with existing email at step 1" status="PASSED">
         <system-out><![CDATA[2018-10-15 16:31:36 - [TEST_CASE][PASSED] - Test Cases/Digital Loyalty/Sign Up/DigSig_03_Verify that submitting un-successfully digital loyalty account with existing email at step 1: Test Cases/Digital Loyalty/Sign Up/DigSig_03_Verify that submitting un-successfully digital loyalty account with existing email at step 1

2018-10-15 16:31:36 - [TEST_STEP][PASSED] - comment: Steps

2018-10-15 16:31:36 - [TEST_STEP][PASSED] - customkeyword.CommonKeyword.OpenBrowser: customkeyword.CommonKeyword.OpenBrowser is PASSED

2018-10-15 16:31:43 - [MESSAGE][PASSED] - Browser is opened with url: 'https://staging-1.pirq.com/digital-loyalty/signup'

2018-10-15 16:31:44 - [MESSAGE][PASSED] - Current window maximized

2018-10-15 16:31:44 - [MESSAGE][PASSED] - customkeyword.CommonKeyword.OpenBrowser is PASSED

2018-10-15 16:31:44 - [TEST_STEP][PASSED] - setText: Text 'first name' is set on object 'Object Repository/Digital Loyalty/Por_Digital inf/txt_FirstName_Por_Dig_Step1'

2018-10-15 16:31:45 - [MESSAGE][PASSED] - Text 'first name' is set on object 'Object Repository/Digital Loyalty/Por_Digital inf/txt_FirstName_Por_Dig_Step1'

2018-10-15 16:31:45 - [TEST_STEP][PASSED] - setText: Text 'last name' is set on object 'Object Repository/Digital Loyalty/Por_Digital inf/txt_LastName_Por_Dig_Step1'

2018-10-15 16:31:45 - [MESSAGE][PASSED] - Text 'last name' is set on object 'Object Repository/Digital Loyalty/Por_Digital inf/txt_LastName_Por_Dig_Step1'

2018-10-15 16:31:45 - [TEST_STEP][PASSED] - setText: Text 'thuat@yopmail.com' is set on object 'Object Repository/Digital Loyalty/Por_Digital inf/txt_Email_Por_Dig_Step1'

2018-10-15 16:31:46 - [MESSAGE][PASSED] - Text 'thuat@yopmail.com' is set on object 'Object Repository/Digital Loyalty/Por_Digital inf/txt_Email_Por_Dig_Step1'

2018-10-15 16:31:46 - [TEST_STEP][PASSED] - setText: Text 'test Company' is set on object 'Object Repository/Digital Loyalty/Por_Digital inf/txt_BusinessName_Por_Dig_Step1'

2018-10-15 16:31:46 - [MESSAGE][PASSED] - Text 'test Company' is set on object 'Object Repository/Digital Loyalty/Por_Digital inf/txt_BusinessName_Por_Dig_Step1'

2018-10-15 16:31:46 - [TEST_STEP][PASSED] - setText: Text '123 street' is set on object 'Object Repository/Digital Loyalty/Por_Digital inf/txt_StreetAddress_Por_Dig_Step1'

2018-10-15 16:31:47 - [MESSAGE][PASSED] - Text '123 street' is set on object 'Object Repository/Digital Loyalty/Por_Digital inf/txt_StreetAddress_Por_Dig_Step1'

2018-10-15 16:31:47 - [TEST_STEP][PASSED] - setText: Text 'HCMC' is set on object 'Object Repository/Digital Loyalty/Por_Digital inf/txt_City_Por_Dig_Step1'

2018-10-15 16:31:47 - [MESSAGE][PASSED] - Text 'HCMC' is set on object 'Object Repository/Digital Loyalty/Por_Digital inf/txt_City_Por_Dig_Step1'

2018-10-15 16:31:47 - [TEST_STEP][PASSED] - setText: Text '70000' is set on object 'Object Repository/Digital Loyalty/Por_Digital inf/txt_PostalCode_Por_Dig_Step1'

2018-10-15 16:31:48 - [MESSAGE][PASSED] - Text '70000' is set on object 'Object Repository/Digital Loyalty/Por_Digital inf/txt_PostalCode_Por_Dig_Step1'

2018-10-15 16:31:48 - [TEST_STEP][PASSED] - setText: Text '+84123456789' is set on object 'Object Repository/Digital Loyalty/Por_Digital inf/txt_Phone_Por_Dig_Step1'

2018-10-15 16:31:48 - [MESSAGE][PASSED] - Text '+84123456789' is set on object 'Object Repository/Digital Loyalty/Por_Digital inf/txt_Phone_Por_Dig_Step1'

2018-10-15 16:31:48 - [TEST_STEP][PASSED] - click: Object: 'Object Repository/Digital Loyalty/Por_Digital inf/btn_NextStep_Por_Dig_Step1' is clicked on

2018-10-15 16:31:49 - [MESSAGE][PASSED] - Object: 'Object Repository/Digital Loyalty/Por_Digital inf/btn_NextStep_Por_Dig_Step1' is clicked on

2018-10-15 16:31:49 - [TEST_STEP][PASSED] - verifyElementPresent: Object 'Object Repository/Digital Loyalty/Por_Digital inf/lbl_DuplicatedEmail_Por_Dig_Step1' is present

2018-10-15 16:31:49 - [MESSAGE][PASSED] - Object 'Object Repository/Digital Loyalty/Por_Digital inf/lbl_DuplicatedEmail_Por_Dig_Step1' is present

2018-10-15 16:31:49 - [TEST_STEP][PASSED] - closeBrowser: Browser is closed

2018-10-15 16:31:50 - [MESSAGE][PASSED] - Browser is closed]]></system-out>
         <system-err><![CDATA[]]></system-err>
      </testcase>
      <testcase name="Test Cases/Digital Loyalty/Sign Up/DigSig_04_Verify that submitting un-successfully digital loyalty account with missing first name at step 1" classname="Test Cases/Digital Loyalty/Sign Up/DigSig_04_Verify that submitting un-successfully digital loyalty account with missing first name at step 1" status="PASSED">
         <system-out><![CDATA[2018-10-15 16:31:50 - [TEST_CASE][PASSED] - Test Cases/Digital Loyalty/Sign Up/DigSig_04_Verify that submitting un-successfully digital loyalty account with missing first name at step 1: Test Cases/Digital Loyalty/Sign Up/DigSig_04_Verify that submitting un-successfully digital loyalty account with missing first name at step 1

2018-10-15 16:31:51 - [TEST_STEP][PASSED] - comment: Steps

2018-10-15 16:31:51 - [TEST_STEP][PASSED] - customkeyword.CommonKeyword.OpenBrowser: customkeyword.CommonKeyword.OpenBrowser is PASSED

2018-10-15 16:31:58 - [MESSAGE][PASSED] - Browser is opened with url: 'https://staging-1.pirq.com/digital-loyalty/signup'

2018-10-15 16:31:59 - [MESSAGE][PASSED] - Current window maximized

2018-10-15 16:31:59 - [MESSAGE][PASSED] - customkeyword.CommonKeyword.OpenBrowser is PASSED

2018-10-15 16:31:59 - [TEST_STEP][PASSED] - setText: Text '+84123456789' is set on object 'Object Repository/Digital Loyalty/Por_Digital inf/txt_Phone_Por_Dig_Step1'

2018-10-15 16:32:00 - [MESSAGE][PASSED] - Text '+84123456789' is set on object 'Object Repository/Digital Loyalty/Por_Digital inf/txt_Phone_Por_Dig_Step1'

2018-10-15 16:32:00 - [TEST_STEP][PASSED] - setText: Text 'last name' is set on object 'Object Repository/Digital Loyalty/Por_Digital inf/txt_LastName_Por_Dig_Step1'

2018-10-15 16:32:01 - [MESSAGE][PASSED] - Text 'last name' is set on object 'Object Repository/Digital Loyalty/Por_Digital inf/txt_LastName_Por_Dig_Step1'

2018-10-15 16:32:01 - [TEST_STEP][PASSED] - Statement - var_DigSignedUpEmail = CustomKeywords.customkeyword.CommonKeyword.GenerateEmail("Digital"): customkeyword.CommonKeyword.GenerateEmail is PASSED

2018-10-15 16:32:01 - [MESSAGE][PASSED] - customkeyword.CommonKeyword.GenerateEmail is PASSED

2018-10-15 16:32:01 - [TEST_STEP][PASSED] - setText: Text 'Digital151018043201@yopmail.com' is set on object 'Object Repository/Digital Loyalty/Por_Digital inf/txt_Email_Por_Dig_Step1'

2018-10-15 16:32:01 - [MESSAGE][PASSED] - Text 'Digital151018043201@yopmail.com' is set on object 'Object Repository/Digital Loyalty/Por_Digital inf/txt_Email_Por_Dig_Step1'

2018-10-15 16:32:01 - [TEST_STEP][PASSED] - setText: Text 'test Company' is set on object 'Object Repository/Digital Loyalty/Por_Digital inf/txt_BusinessName_Por_Dig_Step1'

2018-10-15 16:32:02 - [MESSAGE][PASSED] - Text 'test Company' is set on object 'Object Repository/Digital Loyalty/Por_Digital inf/txt_BusinessName_Por_Dig_Step1'

2018-10-15 16:32:02 - [TEST_STEP][PASSED] - setText: Text '123 street' is set on object 'Object Repository/Digital Loyalty/Por_Digital inf/txt_StreetAddress_Por_Dig_Step1'

2018-10-15 16:32:02 - [MESSAGE][PASSED] - Text '123 street' is set on object 'Object Repository/Digital Loyalty/Por_Digital inf/txt_StreetAddress_Por_Dig_Step1'

2018-10-15 16:32:02 - [TEST_STEP][PASSED] - setText: Text 'HCMC' is set on object 'Object Repository/Digital Loyalty/Por_Digital inf/txt_City_Por_Dig_Step1'

2018-10-15 16:32:03 - [MESSAGE][PASSED] - Text 'HCMC' is set on object 'Object Repository/Digital Loyalty/Por_Digital inf/txt_City_Por_Dig_Step1'

2018-10-15 16:32:03 - [TEST_STEP][PASSED] - setText: Text '70000' is set on object 'Object Repository/Digital Loyalty/Por_Digital inf/txt_PostalCode_Por_Dig_Step1'

2018-10-15 16:32:03 - [MESSAGE][PASSED] - Text '70000' is set on object 'Object Repository/Digital Loyalty/Por_Digital inf/txt_PostalCode_Por_Dig_Step1'

2018-10-15 16:32:03 - [TEST_STEP][PASSED] - click: Object: 'Object Repository/Digital Loyalty/Por_Digital inf/btn_NextStep_Por_Dig_Step1' is clicked on

2018-10-15 16:32:04 - [MESSAGE][PASSED] - Object: 'Object Repository/Digital Loyalty/Por_Digital inf/btn_NextStep_Por_Dig_Step1' is clicked on

2018-10-15 16:32:04 - [TEST_STEP][PASSED] - verifyElementPresent: Object 'Object Repository/Digital Loyalty/Por_Digital inf/lbl_MissingFirstName_Step1' is present

2018-10-15 16:32:04 - [MESSAGE][PASSED] - Object 'Object Repository/Digital Loyalty/Por_Digital inf/lbl_MissingFirstName_Step1' is present

2018-10-15 16:32:04 - [TEST_STEP][PASSED] - closeBrowser: Browser is closed

2018-10-15 16:32:06 - [MESSAGE][PASSED] - Browser is closed]]></system-out>
         <system-err><![CDATA[]]></system-err>
      </testcase>
      <testcase name="Test Cases/Digital Loyalty/Sign Up/DigSig_05_Verify that submitting un-successfully digital loyalty account with missing last name at step 1" classname="Test Cases/Digital Loyalty/Sign Up/DigSig_05_Verify that submitting un-successfully digital loyalty account with missing last name at step 1" status="PASSED">
         <system-out><![CDATA[2018-10-15 16:32:06 - [TEST_CASE][PASSED] - Test Cases/Digital Loyalty/Sign Up/DigSig_05_Verify that submitting un-successfully digital loyalty account with missing last name at step 1: Test Cases/Digital Loyalty/Sign Up/DigSig_05_Verify that submitting un-successfully digital loyalty account with missing last name at step 1

2018-10-15 16:32:06 - [TEST_STEP][PASSED] - comment: Steps

2018-10-15 16:32:06 - [TEST_STEP][PASSED] - customkeyword.CommonKeyword.OpenBrowser: customkeyword.CommonKeyword.OpenBrowser is PASSED

2018-10-15 16:32:12 - [MESSAGE][PASSED] - Browser is opened with url: 'https://staging-1.pirq.com/digital-loyalty/signup'

2018-10-15 16:32:14 - [MESSAGE][PASSED] - Current window maximized

2018-10-15 16:32:14 - [MESSAGE][PASSED] - customkeyword.CommonKeyword.OpenBrowser is PASSED

2018-10-15 16:32:14 - [TEST_STEP][PASSED] - setText: Text '+84123456789' is set on object 'Object Repository/Digital Loyalty/Por_Digital inf/txt_Phone_Por_Dig_Step1'

2018-10-15 16:32:14 - [MESSAGE][PASSED] - Text '+84123456789' is set on object 'Object Repository/Digital Loyalty/Por_Digital inf/txt_Phone_Por_Dig_Step1'

2018-10-15 16:32:14 - [TEST_STEP][PASSED] - setText: Text 'first name' is set on object 'Object Repository/Digital Loyalty/Por_Digital inf/txt_FirstName_Por_Dig_Step1'

2018-10-15 16:32:15 - [MESSAGE][PASSED] - Text 'first name' is set on object 'Object Repository/Digital Loyalty/Por_Digital inf/txt_FirstName_Por_Dig_Step1'

2018-10-15 16:32:15 - [TEST_STEP][PASSED] - Statement - var_DigSignedUpEmail = CustomKeywords.customkeyword.CommonKeyword.GenerateEmail("Digital"): customkeyword.CommonKeyword.GenerateEmail is PASSED

2018-10-15 16:32:15 - [MESSAGE][PASSED] - customkeyword.CommonKeyword.GenerateEmail is PASSED

2018-10-15 16:32:15 - [TEST_STEP][PASSED] - setText: Text 'Digital151018043215@yopmail.com' is set on object 'Object Repository/Digital Loyalty/Por_Digital inf/txt_Email_Por_Dig_Step1'

2018-10-15 16:32:15 - [MESSAGE][PASSED] - Text 'Digital151018043215@yopmail.com' is set on object 'Object Repository/Digital Loyalty/Por_Digital inf/txt_Email_Por_Dig_Step1'

2018-10-15 16:32:15 - [TEST_STEP][PASSED] - setText: Text 'test Company' is set on object 'Object Repository/Digital Loyalty/Por_Digital inf/txt_BusinessName_Por_Dig_Step1'

2018-10-15 16:32:16 - [MESSAGE][PASSED] - Text 'test Company' is set on object 'Object Repository/Digital Loyalty/Por_Digital inf/txt_BusinessName_Por_Dig_Step1'

2018-10-15 16:32:16 - [TEST_STEP][PASSED] - setText: Text '123 street' is set on object 'Object Repository/Digital Loyalty/Por_Digital inf/txt_StreetAddress_Por_Dig_Step1'

2018-10-15 16:32:16 - [MESSAGE][PASSED] - Text '123 street' is set on object 'Object Repository/Digital Loyalty/Por_Digital inf/txt_StreetAddress_Por_Dig_Step1'

2018-10-15 16:32:16 - [TEST_STEP][PASSED] - setText: Text 'HCMC' is set on object 'Object Repository/Digital Loyalty/Por_Digital inf/txt_City_Por_Dig_Step1'

2018-10-15 16:32:17 - [MESSAGE][PASSED] - Text 'HCMC' is set on object 'Object Repository/Digital Loyalty/Por_Digital inf/txt_City_Por_Dig_Step1'

2018-10-15 16:32:17 - [TEST_STEP][PASSED] - setText: Text '70000' is set on object 'Object Repository/Digital Loyalty/Por_Digital inf/txt_PostalCode_Por_Dig_Step1'

2018-10-15 16:32:17 - [MESSAGE][PASSED] - Text '70000' is set on object 'Object Repository/Digital Loyalty/Por_Digital inf/txt_PostalCode_Por_Dig_Step1'

2018-10-15 16:32:17 - [TEST_STEP][PASSED] - click: Object: 'Object Repository/Digital Loyalty/Por_Digital inf/btn_NextStep_Por_Dig_Step1' is clicked on

2018-10-15 16:32:18 - [MESSAGE][PASSED] - Object: 'Object Repository/Digital Loyalty/Por_Digital inf/btn_NextStep_Por_Dig_Step1' is clicked on

2018-10-15 16:32:18 - [TEST_STEP][PASSED] - verifyElementPresent: Object 'Object Repository/Digital Loyalty/Por_Digital inf/lbl_MissingLastName_Step1' is present

2018-10-15 16:32:18 - [MESSAGE][PASSED] - Object 'Object Repository/Digital Loyalty/Por_Digital inf/lbl_MissingLastName_Step1' is present

2018-10-15 16:32:18 - [TEST_STEP][PASSED] - closeBrowser: Browser is closed

2018-10-15 16:32:19 - [MESSAGE][PASSED] - Browser is closed]]></system-out>
         <system-err><![CDATA[]]></system-err>
      </testcase>
      <testcase name="Test Cases/Digital Loyalty/Sign Up/DigSig_06_Verify that submitting un-successfully digital loyalty account with missing business name at step 1" classname="Test Cases/Digital Loyalty/Sign Up/DigSig_06_Verify that submitting un-successfully digital loyalty account with missing business name at step 1" status="PASSED">
         <system-out><![CDATA[2018-10-15 16:32:19 - [TEST_CASE][PASSED] - Test Cases/Digital Loyalty/Sign Up/DigSig_06_Verify that submitting un-successfully digital loyalty account with missing business name at step 1: Test Cases/Digital Loyalty/Sign Up/DigSig_06_Verify that submitting un-successfully digital loyalty account with missing business name at step 1

2018-10-15 16:32:20 - [TEST_STEP][PASSED] - comment: Steps

2018-10-15 16:32:20 - [TEST_STEP][PASSED] - customkeyword.CommonKeyword.OpenBrowser: customkeyword.CommonKeyword.OpenBrowser is PASSED

2018-10-15 16:32:26 - [MESSAGE][PASSED] - Browser is opened with url: 'https://staging-1.pirq.com/digital-loyalty/signup'

2018-10-15 16:32:28 - [MESSAGE][PASSED] - Current window maximized

2018-10-15 16:32:28 - [MESSAGE][PASSED] - customkeyword.CommonKeyword.OpenBrowser is PASSED

2018-10-15 16:32:28 - [TEST_STEP][PASSED] - setText: Text '+84123456789' is set on object 'Object Repository/Digital Loyalty/Por_Digital inf/txt_Phone_Por_Dig_Step1'

2018-10-15 16:32:29 - [MESSAGE][PASSED] - Text '+84123456789' is set on object 'Object Repository/Digital Loyalty/Por_Digital inf/txt_Phone_Por_Dig_Step1'

2018-10-15 16:32:29 - [TEST_STEP][PASSED] - setText: Text 'first name' is set on object 'Object Repository/Digital Loyalty/Por_Digital inf/txt_FirstName_Por_Dig_Step1'

2018-10-15 16:32:29 - [MESSAGE][PASSED] - Text 'first name' is set on object 'Object Repository/Digital Loyalty/Por_Digital inf/txt_FirstName_Por_Dig_Step1'

2018-10-15 16:32:29 - [TEST_STEP][PASSED] - Statement - var_DigSignedUpEmail = CustomKeywords.customkeyword.CommonKeyword.GenerateEmail("Digital"): customkeyword.CommonKeyword.GenerateEmail is PASSED

2018-10-15 16:32:29 - [MESSAGE][PASSED] - customkeyword.CommonKeyword.GenerateEmail is PASSED

2018-10-15 16:32:29 - [TEST_STEP][PASSED] - setText: Text 'Digital151018043229@yopmail.com' is set on object 'Object Repository/Digital Loyalty/Por_Digital inf/txt_Email_Por_Dig_Step1'

2018-10-15 16:32:30 - [MESSAGE][PASSED] - Text 'Digital151018043229@yopmail.com' is set on object 'Object Repository/Digital Loyalty/Por_Digital inf/txt_Email_Por_Dig_Step1'

2018-10-15 16:32:30 - [TEST_STEP][PASSED] - setText: Text 'last name' is set on object 'Object Repository/Digital Loyalty/Por_Digital inf/txt_LastName_Por_Dig_Step1'

2018-10-15 16:32:30 - [MESSAGE][PASSED] - Text 'last name' is set on object 'Object Repository/Digital Loyalty/Por_Digital inf/txt_LastName_Por_Dig_Step1'

2018-10-15 16:32:30 - [TEST_STEP][PASSED] - setText: Text '123 street' is set on object 'Object Repository/Digital Loyalty/Por_Digital inf/txt_StreetAddress_Por_Dig_Step1'

2018-10-15 16:32:31 - [MESSAGE][PASSED] - Text '123 street' is set on object 'Object Repository/Digital Loyalty/Por_Digital inf/txt_StreetAddress_Por_Dig_Step1'

2018-10-15 16:32:31 - [TEST_STEP][PASSED] - setText: Text 'HCMC' is set on object 'Object Repository/Digital Loyalty/Por_Digital inf/txt_City_Por_Dig_Step1'

2018-10-15 16:32:31 - [MESSAGE][PASSED] - Text 'HCMC' is set on object 'Object Repository/Digital Loyalty/Por_Digital inf/txt_City_Por_Dig_Step1'

2018-10-15 16:32:31 - [TEST_STEP][PASSED] - setText: Text '70000' is set on object 'Object Repository/Digital Loyalty/Por_Digital inf/txt_PostalCode_Por_Dig_Step1'

2018-10-15 16:32:32 - [MESSAGE][PASSED] - Text '70000' is set on object 'Object Repository/Digital Loyalty/Por_Digital inf/txt_PostalCode_Por_Dig_Step1'

2018-10-15 16:32:32 - [TEST_STEP][PASSED] - click: Object: 'Object Repository/Digital Loyalty/Por_Digital inf/btn_NextStep_Por_Dig_Step1' is clicked on

2018-10-15 16:32:33 - [MESSAGE][PASSED] - Object: 'Object Repository/Digital Loyalty/Por_Digital inf/btn_NextStep_Por_Dig_Step1' is clicked on

2018-10-15 16:32:33 - [TEST_STEP][PASSED] - verifyElementPresent: Object 'Object Repository/Digital Loyalty/Por_Digital inf/lbl_MissingBusinessName_Step1' is present

2018-10-15 16:32:33 - [MESSAGE][PASSED] - Object 'Object Repository/Digital Loyalty/Por_Digital inf/lbl_MissingBusinessName_Step1' is present

2018-10-15 16:32:33 - [TEST_STEP][PASSED] - closeBrowser: Browser is closed

2018-10-15 16:32:34 - [MESSAGE][PASSED] - Browser is closed]]></system-out>
         <system-err><![CDATA[]]></system-err>
      </testcase>
      <testcase name="Test Cases/Digital Loyalty/Sign Up/DigSig_07_Verify that submitting un-successfully digital loyalty account with missing street address at step 1" classname="Test Cases/Digital Loyalty/Sign Up/DigSig_07_Verify that submitting un-successfully digital loyalty account with missing street address at step 1" status="PASSED">
         <system-out><![CDATA[2018-10-15 16:32:34 - [TEST_CASE][PASSED] - Test Cases/Digital Loyalty/Sign Up/DigSig_07_Verify that submitting un-successfully digital loyalty account with missing street address at step 1: Test Cases/Digital Loyalty/Sign Up/DigSig_07_Verify that submitting un-successfully digital loyalty account with missing street address at step 1

2018-10-15 16:32:35 - [TEST_STEP][PASSED] - comment: Steps

2018-10-15 16:32:35 - [TEST_STEP][PASSED] - customkeyword.CommonKeyword.OpenBrowser: customkeyword.CommonKeyword.OpenBrowser is PASSED

2018-10-15 16:32:41 - [MESSAGE][PASSED] - Browser is opened with url: 'https://staging-1.pirq.com/digital-loyalty/signup'

2018-10-15 16:32:43 - [MESSAGE][PASSED] - Current window maximized

2018-10-15 16:32:43 - [MESSAGE][PASSED] - customkeyword.CommonKeyword.OpenBrowser is PASSED

2018-10-15 16:32:43 - [TEST_STEP][PASSED] - setText: Text '+84123456789' is set on object 'Object Repository/Digital Loyalty/Por_Digital inf/txt_Phone_Por_Dig_Step1'

2018-10-15 16:32:43 - [MESSAGE][PASSED] - Text '+84123456789' is set on object 'Object Repository/Digital Loyalty/Por_Digital inf/txt_Phone_Por_Dig_Step1'

2018-10-15 16:32:43 - [TEST_STEP][PASSED] - setText: Text 'first name' is set on object 'Object Repository/Digital Loyalty/Por_Digital inf/txt_FirstName_Por_Dig_Step1'

2018-10-15 16:32:44 - [MESSAGE][PASSED] - Text 'first name' is set on object 'Object Repository/Digital Loyalty/Por_Digital inf/txt_FirstName_Por_Dig_Step1'

2018-10-15 16:32:44 - [TEST_STEP][PASSED] - Statement - var_DigSignedUpEmail = CustomKeywords.customkeyword.CommonKeyword.GenerateEmail("Digital"): customkeyword.CommonKeyword.GenerateEmail is PASSED

2018-10-15 16:32:44 - [MESSAGE][PASSED] - customkeyword.CommonKeyword.GenerateEmail is PASSED

2018-10-15 16:32:44 - [TEST_STEP][PASSED] - setText: Text 'Digital151018043244@yopmail.com' is set on object 'Object Repository/Digital Loyalty/Por_Digital inf/txt_Email_Por_Dig_Step1'

2018-10-15 16:32:45 - [MESSAGE][PASSED] - Text 'Digital151018043244@yopmail.com' is set on object 'Object Repository/Digital Loyalty/Por_Digital inf/txt_Email_Por_Dig_Step1'

2018-10-15 16:32:45 - [TEST_STEP][PASSED] - setText: Text 'last name' is set on object 'Object Repository/Digital Loyalty/Por_Digital inf/txt_LastName_Por_Dig_Step1'

2018-10-15 16:32:45 - [MESSAGE][PASSED] - Text 'last name' is set on object 'Object Repository/Digital Loyalty/Por_Digital inf/txt_LastName_Por_Dig_Step1'

2018-10-15 16:32:45 - [TEST_STEP][PASSED] - setText: Text 'test company' is set on object 'Object Repository/Digital Loyalty/Por_Digital inf/txt_BusinessName_Por_Dig_Step1'

2018-10-15 16:32:46 - [MESSAGE][PASSED] - Text 'test company' is set on object 'Object Repository/Digital Loyalty/Por_Digital inf/txt_BusinessName_Por_Dig_Step1'

2018-10-15 16:32:46 - [TEST_STEP][PASSED] - setText: Text 'HCMC' is set on object 'Object Repository/Digital Loyalty/Por_Digital inf/txt_City_Por_Dig_Step1'

2018-10-15 16:32:46 - [MESSAGE][PASSED] - Text 'HCMC' is set on object 'Object Repository/Digital Loyalty/Por_Digital inf/txt_City_Por_Dig_Step1'

2018-10-15 16:32:46 - [TEST_STEP][PASSED] - setText: Text '70000' is set on object 'Object Repository/Digital Loyalty/Por_Digital inf/txt_PostalCode_Por_Dig_Step1'

2018-10-15 16:32:47 - [MESSAGE][PASSED] - Text '70000' is set on object 'Object Repository/Digital Loyalty/Por_Digital inf/txt_PostalCode_Por_Dig_Step1'

2018-10-15 16:32:47 - [TEST_STEP][PASSED] - click: Object: 'Object Repository/Digital Loyalty/Por_Digital inf/btn_NextStep_Por_Dig_Step1' is clicked on

2018-10-15 16:32:48 - [MESSAGE][PASSED] - Object: 'Object Repository/Digital Loyalty/Por_Digital inf/btn_NextStep_Por_Dig_Step1' is clicked on

2018-10-15 16:32:48 - [TEST_STEP][PASSED] - verifyElementPresent: Object 'Object Repository/Digital Loyalty/Por_Digital inf/lbl_MissingStreet_Step1' is present

2018-10-15 16:32:48 - [MESSAGE][PASSED] - Object 'Object Repository/Digital Loyalty/Por_Digital inf/lbl_MissingStreet_Step1' is present

2018-10-15 16:32:48 - [TEST_STEP][PASSED] - closeBrowser: Browser is closed

2018-10-15 16:32:49 - [MESSAGE][PASSED] - Browser is closed]]></system-out>
         <system-err><![CDATA[]]></system-err>
      </testcase>
      <testcase name="Test Cases/Digital Loyalty/Sign Up/DigSig_08_Verify that submitting un-successfully digital loyalty account with missing city at step 1" classname="Test Cases/Digital Loyalty/Sign Up/DigSig_08_Verify that submitting un-successfully digital loyalty account with missing city at step 1" status="PASSED">
         <system-out><![CDATA[2018-10-15 16:32:49 - [TEST_CASE][PASSED] - Test Cases/Digital Loyalty/Sign Up/DigSig_08_Verify that submitting un-successfully digital loyalty account with missing city at step 1: Test Cases/Digital Loyalty/Sign Up/DigSig_08_Verify that submitting un-successfully digital loyalty account with missing city at step 1

2018-10-15 16:32:49 - [TEST_STEP][PASSED] - comment: Steps

2018-10-15 16:32:49 - [TEST_STEP][PASSED] - customkeyword.CommonKeyword.OpenBrowser: customkeyword.CommonKeyword.OpenBrowser is PASSED

2018-10-15 16:32:56 - [MESSAGE][PASSED] - Browser is opened with url: 'https://staging-1.pirq.com/digital-loyalty/signup'

2018-10-15 16:32:57 - [MESSAGE][PASSED] - Current window maximized

2018-10-15 16:32:57 - [MESSAGE][PASSED] - customkeyword.CommonKeyword.OpenBrowser is PASSED

2018-10-15 16:32:57 - [TEST_STEP][PASSED] - setText: Text '+84123456789' is set on object 'Object Repository/Digital Loyalty/Por_Digital inf/txt_Phone_Por_Dig_Step1'

2018-10-15 16:32:57 - [MESSAGE][PASSED] - Text '+84123456789' is set on object 'Object Repository/Digital Loyalty/Por_Digital inf/txt_Phone_Por_Dig_Step1'

2018-10-15 16:32:57 - [TEST_STEP][PASSED] - setText: Text 'first name' is set on object 'Object Repository/Digital Loyalty/Por_Digital inf/txt_FirstName_Por_Dig_Step1'

2018-10-15 16:32:58 - [MESSAGE][PASSED] - Text 'first name' is set on object 'Object Repository/Digital Loyalty/Por_Digital inf/txt_FirstName_Por_Dig_Step1'

2018-10-15 16:32:58 - [TEST_STEP][PASSED] - Statement - var_DigSignedUpEmail = CustomKeywords.customkeyword.CommonKeyword.GenerateEmail("Digital"): customkeyword.CommonKeyword.GenerateEmail is PASSED

2018-10-15 16:32:58 - [MESSAGE][PASSED] - customkeyword.CommonKeyword.GenerateEmail is PASSED

2018-10-15 16:32:58 - [TEST_STEP][PASSED] - setText: Text 'Digital151018043258@yopmail.com' is set on object 'Object Repository/Digital Loyalty/Por_Digital inf/txt_Email_Por_Dig_Step1'

2018-10-15 16:32:59 - [MESSAGE][PASSED] - Text 'Digital151018043258@yopmail.com' is set on object 'Object Repository/Digital Loyalty/Por_Digital inf/txt_Email_Por_Dig_Step1'

2018-10-15 16:32:59 - [TEST_STEP][PASSED] - setText: Text 'last name' is set on object 'Object Repository/Digital Loyalty/Por_Digital inf/txt_LastName_Por_Dig_Step1'

2018-10-15 16:32:59 - [MESSAGE][PASSED] - Text 'last name' is set on object 'Object Repository/Digital Loyalty/Por_Digital inf/txt_LastName_Por_Dig_Step1'

2018-10-15 16:32:59 - [TEST_STEP][PASSED] - setText: Text 'test company' is set on object 'Object Repository/Digital Loyalty/Por_Digital inf/txt_BusinessName_Por_Dig_Step1'

2018-10-15 16:33:00 - [MESSAGE][PASSED] - Text 'test company' is set on object 'Object Repository/Digital Loyalty/Por_Digital inf/txt_BusinessName_Por_Dig_Step1'

2018-10-15 16:33:00 - [TEST_STEP][PASSED] - setText: Text '123 streeet' is set on object 'Object Repository/Digital Loyalty/Por_Digital inf/txt_StreetAddress_Por_Dig_Step1'

2018-10-15 16:33:01 - [MESSAGE][PASSED] - Text '123 streeet' is set on object 'Object Repository/Digital Loyalty/Por_Digital inf/txt_StreetAddress_Por_Dig_Step1'

2018-10-15 16:33:01 - [TEST_STEP][PASSED] - setText: Text '70000' is set on object 'Object Repository/Digital Loyalty/Por_Digital inf/txt_PostalCode_Por_Dig_Step1'

2018-10-15 16:33:01 - [MESSAGE][PASSED] - Text '70000' is set on object 'Object Repository/Digital Loyalty/Por_Digital inf/txt_PostalCode_Por_Dig_Step1'

2018-10-15 16:33:01 - [TEST_STEP][PASSED] - click: Object: 'Object Repository/Digital Loyalty/Por_Digital inf/btn_NextStep_Por_Dig_Step1' is clicked on

2018-10-15 16:33:02 - [MESSAGE][PASSED] - Object: 'Object Repository/Digital Loyalty/Por_Digital inf/btn_NextStep_Por_Dig_Step1' is clicked on

2018-10-15 16:33:02 - [TEST_STEP][PASSED] - verifyElementPresent: Object 'Object Repository/Digital Loyalty/Por_Digital inf/lbl_MissingCity_Step1' is present

2018-10-15 16:33:02 - [MESSAGE][PASSED] - Object 'Object Repository/Digital Loyalty/Por_Digital inf/lbl_MissingCity_Step1' is present

2018-10-15 16:33:02 - [TEST_STEP][PASSED] - closeBrowser: Browser is closed

2018-10-15 16:33:03 - [MESSAGE][PASSED] - Browser is closed]]></system-out>
         <system-err><![CDATA[]]></system-err>
      </testcase>
      <testcase name="Test Cases/Digital Loyalty/Sign Up/DigSig_09_Verify that submitting un-successfully digital loyalty account with missing postal code at step 1" classname="Test Cases/Digital Loyalty/Sign Up/DigSig_09_Verify that submitting un-successfully digital loyalty account with missing postal code at step 1" status="PASSED">
         <system-out><![CDATA[2018-10-15 16:33:03 - [TEST_CASE][PASSED] - Test Cases/Digital Loyalty/Sign Up/DigSig_09_Verify that submitting un-successfully digital loyalty account with missing postal code at step 1: Test Cases/Digital Loyalty/Sign Up/DigSig_09_Verify that submitting un-successfully digital loyalty account with missing postal code at step 1

2018-10-15 16:33:03 - [TEST_STEP][PASSED] - comment: Steps

2018-10-15 16:33:03 - [TEST_STEP][PASSED] - customkeyword.CommonKeyword.OpenBrowser: customkeyword.CommonKeyword.OpenBrowser is PASSED

2018-10-15 16:33:10 - [MESSAGE][PASSED] - Browser is opened with url: 'https://staging-1.pirq.com/digital-loyalty/signup'

2018-10-15 16:33:11 - [MESSAGE][PASSED] - Current window maximized

2018-10-15 16:33:11 - [MESSAGE][PASSED] - customkeyword.CommonKeyword.OpenBrowser is PASSED

2018-10-15 16:33:11 - [TEST_STEP][PASSED] - setText: Text '+84123456789' is set on object 'Object Repository/Digital Loyalty/Por_Digital inf/txt_Phone_Por_Dig_Step1'

2018-10-15 16:33:12 - [MESSAGE][PASSED] - Text '+84123456789' is set on object 'Object Repository/Digital Loyalty/Por_Digital inf/txt_Phone_Por_Dig_Step1'

2018-10-15 16:33:12 - [TEST_STEP][PASSED] - setText: Text 'first name' is set on object 'Object Repository/Digital Loyalty/Por_Digital inf/txt_FirstName_Por_Dig_Step1'

2018-10-15 16:33:12 - [MESSAGE][PASSED] - Text 'first name' is set on object 'Object Repository/Digital Loyalty/Por_Digital inf/txt_FirstName_Por_Dig_Step1'

2018-10-15 16:33:12 - [TEST_STEP][PASSED] - Statement - var_DigSignedUpEmail = CustomKeywords.customkeyword.CommonKeyword.GenerateEmail("Digital"): customkeyword.CommonKeyword.GenerateEmail is PASSED

2018-10-15 16:33:12 - [MESSAGE][PASSED] - customkeyword.CommonKeyword.GenerateEmail is PASSED

2018-10-15 16:33:12 - [TEST_STEP][PASSED] - setText: Text 'Digital151018043312@yopmail.com' is set on object 'Object Repository/Digital Loyalty/Por_Digital inf/txt_Email_Por_Dig_Step1'

2018-10-15 16:33:13 - [MESSAGE][PASSED] - Text 'Digital151018043312@yopmail.com' is set on object 'Object Repository/Digital Loyalty/Por_Digital inf/txt_Email_Por_Dig_Step1'

2018-10-15 16:33:13 - [TEST_STEP][PASSED] - setText: Text 'last name' is set on object 'Object Repository/Digital Loyalty/Por_Digital inf/txt_LastName_Por_Dig_Step1'

2018-10-15 16:33:14 - [MESSAGE][PASSED] - Text 'last name' is set on object 'Object Repository/Digital Loyalty/Por_Digital inf/txt_LastName_Por_Dig_Step1'

2018-10-15 16:33:14 - [TEST_STEP][PASSED] - setText: Text 'test company' is set on object 'Object Repository/Digital Loyalty/Por_Digital inf/txt_BusinessName_Por_Dig_Step1'

2018-10-15 16:33:14 - [MESSAGE][PASSED] - Text 'test company' is set on object 'Object Repository/Digital Loyalty/Por_Digital inf/txt_BusinessName_Por_Dig_Step1'

2018-10-15 16:33:14 - [TEST_STEP][PASSED] - setText: Text '123 streeet' is set on object 'Object Repository/Digital Loyalty/Por_Digital inf/txt_StreetAddress_Por_Dig_Step1'

2018-10-15 16:33:15 - [MESSAGE][PASSED] - Text '123 streeet' is set on object 'Object Repository/Digital Loyalty/Por_Digital inf/txt_StreetAddress_Por_Dig_Step1'

2018-10-15 16:33:15 - [TEST_STEP][PASSED] - setText: Text 'HCMC' is set on object 'Object Repository/Digital Loyalty/Por_Digital inf/txt_City_Por_Dig_Step1'

2018-10-15 16:33:15 - [MESSAGE][PASSED] - Text 'HCMC' is set on object 'Object Repository/Digital Loyalty/Por_Digital inf/txt_City_Por_Dig_Step1'

2018-10-15 16:33:15 - [TEST_STEP][PASSED] - click: Object: 'Object Repository/Digital Loyalty/Por_Digital inf/btn_NextStep_Por_Dig_Step1' is clicked on

2018-10-15 16:33:16 - [MESSAGE][PASSED] - Object: 'Object Repository/Digital Loyalty/Por_Digital inf/btn_NextStep_Por_Dig_Step1' is clicked on

2018-10-15 16:33:16 - [TEST_STEP][PASSED] - verifyElementPresent: Object 'Object Repository/Digital Loyalty/Por_Digital inf/lbl_MissingPostal_Step1' is present

2018-10-15 16:33:16 - [MESSAGE][PASSED] - Object 'Object Repository/Digital Loyalty/Por_Digital inf/lbl_MissingPostal_Step1' is present

2018-10-15 16:33:16 - [TEST_STEP][PASSED] - closeBrowser: Browser is closed

2018-10-15 16:33:17 - [MESSAGE][PASSED] - Browser is closed]]></system-out>
         <system-err><![CDATA[]]></system-err>
      </testcase>
      <testcase name="Test Cases/Digital Loyalty/Sign Up/DigSig_10_Verify that submitting successfully digital loyalty account at step 1" classname="Test Cases/Digital Loyalty/Sign Up/DigSig_10_Verify that submitting successfully digital loyalty account at step 1" status="PASSED">
         <system-out><![CDATA[2018-10-15 16:33:17 - [TEST_CASE][PASSED] - Test Cases/Digital Loyalty/Sign Up/DigSig_10_Verify that submitting successfully digital loyalty account at step 1: Test Cases/Digital Loyalty/Sign Up/DigSig_10_Verify that submitting successfully digital loyalty account at step 1

2018-10-15 16:33:18 - [TEST_STEP][PASSED] - comment: Steps

2018-10-15 16:33:18 - [TEST_STEP][PASSED] - customkeyword.CommonKeyword.OpenBrowser: customkeyword.CommonKeyword.OpenBrowser is PASSED

2018-10-15 16:33:24 - [MESSAGE][PASSED] - Browser is opened with url: 'https://staging-1.pirq.com/digital-loyalty/signup'

2018-10-15 16:33:26 - [MESSAGE][PASSED] - Current window maximized

2018-10-15 16:33:26 - [MESSAGE][PASSED] - customkeyword.CommonKeyword.OpenBrowser is PASSED

2018-10-15 16:33:26 - [TEST_STEP][PASSED] - setText: Text '+84123456789' is set on object 'Object Repository/Digital Loyalty/Por_Digital inf/txt_Phone_Por_Dig_Step1'

2018-10-15 16:33:26 - [MESSAGE][PASSED] - Text '+84123456789' is set on object 'Object Repository/Digital Loyalty/Por_Digital inf/txt_Phone_Por_Dig_Step1'

2018-10-15 16:33:26 - [TEST_STEP][PASSED] - setText: Text 'first name' is set on object 'Object Repository/Digital Loyalty/Por_Digital inf/txt_FirstName_Por_Dig_Step1'

2018-10-15 16:33:27 - [MESSAGE][PASSED] - Text 'first name' is set on object 'Object Repository/Digital Loyalty/Por_Digital inf/txt_FirstName_Por_Dig_Step1'

2018-10-15 16:33:27 - [TEST_STEP][PASSED] - Statement - var_DigSignedUpEmail = CustomKeywords.customkeyword.CommonKeyword.GenerateEmail("Digital"): customkeyword.CommonKeyword.GenerateEmail is PASSED

2018-10-15 16:33:27 - [MESSAGE][PASSED] - customkeyword.CommonKeyword.GenerateEmail is PASSED

2018-10-15 16:33:27 - [TEST_STEP][PASSED] - setText: Text 'Digital151018043327@yopmail.com' is set on object 'Object Repository/Digital Loyalty/Por_Digital inf/txt_Email_Por_Dig_Step1'

2018-10-15 16:33:28 - [MESSAGE][PASSED] - Text 'Digital151018043327@yopmail.com' is set on object 'Object Repository/Digital Loyalty/Por_Digital inf/txt_Email_Por_Dig_Step1'

2018-10-15 16:33:28 - [TEST_STEP][PASSED] - setText: Text 'last name' is set on object 'Object Repository/Digital Loyalty/Por_Digital inf/txt_LastName_Por_Dig_Step1'

2018-10-15 16:33:28 - [MESSAGE][PASSED] - Text 'last name' is set on object 'Object Repository/Digital Loyalty/Por_Digital inf/txt_LastName_Por_Dig_Step1'

2018-10-15 16:33:28 - [TEST_STEP][PASSED] - setText: Text 'test company' is set on object 'Object Repository/Digital Loyalty/Por_Digital inf/txt_BusinessName_Por_Dig_Step1'

2018-10-15 16:33:29 - [MESSAGE][PASSED] - Text 'test company' is set on object 'Object Repository/Digital Loyalty/Por_Digital inf/txt_BusinessName_Por_Dig_Step1'

2018-10-15 16:33:29 - [TEST_STEP][PASSED] - setText: Text '123 streeet' is set on object 'Object Repository/Digital Loyalty/Por_Digital inf/txt_StreetAddress_Por_Dig_Step1'

2018-10-15 16:33:29 - [MESSAGE][PASSED] - Text '123 streeet' is set on object 'Object Repository/Digital Loyalty/Por_Digital inf/txt_StreetAddress_Por_Dig_Step1'

2018-10-15 16:33:29 - [TEST_STEP][PASSED] - setText: Text 'HCMC' is set on object 'Object Repository/Digital Loyalty/Por_Digital inf/txt_City_Por_Dig_Step1'

2018-10-15 16:33:30 - [MESSAGE][PASSED] - Text 'HCMC' is set on object 'Object Repository/Digital Loyalty/Por_Digital inf/txt_City_Por_Dig_Step1'

2018-10-15 16:33:30 - [TEST_STEP][PASSED] - setText: Text '70000' is set on object 'Object Repository/Digital Loyalty/Por_Digital inf/txt_PostalCode_Por_Dig_Step1'

2018-10-15 16:33:30 - [MESSAGE][PASSED] - Text '70000' is set on object 'Object Repository/Digital Loyalty/Por_Digital inf/txt_PostalCode_Por_Dig_Step1'

2018-10-15 16:33:30 - [TEST_STEP][PASSED] - click: Object: 'Object Repository/Digital Loyalty/Por_Digital inf/btn_NextStep_Por_Dig_Step1' is clicked on

2018-10-15 16:33:33 - [MESSAGE][PASSED] - Object: 'Object Repository/Digital Loyalty/Por_Digital inf/btn_NextStep_Por_Dig_Step1' is clicked on

2018-10-15 16:33:33 - [TEST_STEP][PASSED] - verifyElementPresent: Object 'Object Repository/Digital Loyalty/Por_Digital inf/chx_SameAsBusiness_Por_Dig_Step2' is present

2018-10-15 16:33:33 - [MESSAGE][PASSED] - Object 'Object Repository/Digital Loyalty/Por_Digital inf/chx_SameAsBusiness_Por_Dig_Step2' is present

2018-10-15 16:33:33 - [TEST_STEP][PASSED] - closeBrowser: Browser is closed

2018-10-15 16:33:34 - [MESSAGE][PASSED] - Browser is closed]]></system-out>
         <system-err><![CDATA[]]></system-err>
      </testcase>
      <testcase name="Test Cases/Digital Loyalty/Sign Up/DigSig_11_Verify that filling correct data when checking Same as business checkbox at step 2" classname="Test Cases/Digital Loyalty/Sign Up/DigSig_11_Verify that filling correct data when checking Same as business checkbox at step 2" status="PASSED">
         <system-out><![CDATA[2018-10-15 16:33:34 - [TEST_CASE][PASSED] - Test Cases/Digital Loyalty/Sign Up/DigSig_11_Verify that filling correct data when checking Same as business checkbox at step 2: Test Cases/Digital Loyalty/Sign Up/DigSig_11_Verify that filling correct data when checking Same as business checkbox at step 2

2018-10-15 16:33:35 - [TEST_STEP][PASSED] - comment: Steps

2018-10-15 16:33:35 - [TEST_STEP][PASSED] - customkeyword.CommonKeyword.OpenBrowser: customkeyword.CommonKeyword.OpenBrowser is PASSED

2018-10-15 16:33:41 - [MESSAGE][PASSED] - Browser is opened with url: 'https://staging-1.pirq.com/digital-loyalty/signup'

2018-10-15 16:33:42 - [MESSAGE][PASSED] - Current window maximized

2018-10-15 16:33:42 - [MESSAGE][PASSED] - customkeyword.CommonKeyword.OpenBrowser is PASSED

2018-10-15 16:33:42 - [TEST_STEP][PASSED] - setText: Text '+84123456789' is set on object 'Object Repository/Digital Loyalty/Por_Digital inf/txt_Phone_Por_Dig_Step1'

2018-10-15 16:33:43 - [MESSAGE][PASSED] - Text '+84123456789' is set on object 'Object Repository/Digital Loyalty/Por_Digital inf/txt_Phone_Por_Dig_Step1'

2018-10-15 16:33:43 - [TEST_STEP][PASSED] - setText: Text 'first name' is set on object 'Object Repository/Digital Loyalty/Por_Digital inf/txt_FirstName_Por_Dig_Step1'

2018-10-15 16:33:43 - [MESSAGE][PASSED] - Text 'first name' is set on object 'Object Repository/Digital Loyalty/Por_Digital inf/txt_FirstName_Por_Dig_Step1'

2018-10-15 16:33:43 - [TEST_STEP][PASSED] - Statement - var_DigSignedUpEmail = CustomKeywords.customkeyword.CommonKeyword.GenerateEmail("Digital"): customkeyword.CommonKeyword.GenerateEmail is PASSED

2018-10-15 16:33:43 - [MESSAGE][PASSED] - customkeyword.CommonKeyword.GenerateEmail is PASSED

2018-10-15 16:33:43 - [TEST_STEP][PASSED] - setText: Text 'Digital151018043343@yopmail.com' is set on object 'Object Repository/Digital Loyalty/Por_Digital inf/txt_Email_Por_Dig_Step1'

2018-10-15 16:33:44 - [MESSAGE][PASSED] - Text 'Digital151018043343@yopmail.com' is set on object 'Object Repository/Digital Loyalty/Por_Digital inf/txt_Email_Por_Dig_Step1'

2018-10-15 16:33:44 - [TEST_STEP][PASSED] - setText: Text 'last name' is set on object 'Object Repository/Digital Loyalty/Por_Digital inf/txt_LastName_Por_Dig_Step1'

2018-10-15 16:33:45 - [MESSAGE][PASSED] - Text 'last name' is set on object 'Object Repository/Digital Loyalty/Por_Digital inf/txt_LastName_Por_Dig_Step1'

2018-10-15 16:33:45 - [TEST_STEP][PASSED] - setText: Text 'test company' is set on object 'Object Repository/Digital Loyalty/Por_Digital inf/txt_BusinessName_Por_Dig_Step1'

2018-10-15 16:33:45 - [MESSAGE][PASSED] - Text 'test company' is set on object 'Object Repository/Digital Loyalty/Por_Digital inf/txt_BusinessName_Por_Dig_Step1'

2018-10-15 16:33:45 - [TEST_STEP][PASSED] - setText: Text '123 streeet' is set on object 'Object Repository/Digital Loyalty/Por_Digital inf/txt_StreetAddress_Por_Dig_Step1'

2018-10-15 16:33:46 - [MESSAGE][PASSED] - Text '123 streeet' is set on object 'Object Repository/Digital Loyalty/Por_Digital inf/txt_StreetAddress_Por_Dig_Step1'

2018-10-15 16:33:46 - [TEST_STEP][PASSED] - setText: Text 'HCMC' is set on object 'Object Repository/Digital Loyalty/Por_Digital inf/txt_City_Por_Dig_Step1'

2018-10-15 16:33:46 - [MESSAGE][PASSED] - Text 'HCMC' is set on object 'Object Repository/Digital Loyalty/Por_Digital inf/txt_City_Por_Dig_Step1'

2018-10-15 16:33:46 - [TEST_STEP][PASSED] - setText: Text '70000' is set on object 'Object Repository/Digital Loyalty/Por_Digital inf/txt_PostalCode_Por_Dig_Step1'

2018-10-15 16:33:46 - [MESSAGE][PASSED] - Text '70000' is set on object 'Object Repository/Digital Loyalty/Por_Digital inf/txt_PostalCode_Por_Dig_Step1'

2018-10-15 16:33:46 - [TEST_STEP][PASSED] - click: Object: 'Object Repository/Digital Loyalty/Por_Digital inf/btn_NextStep_Por_Dig_Step1' is clicked on

2018-10-15 16:33:49 - [MESSAGE][PASSED] - Object: 'Object Repository/Digital Loyalty/Por_Digital inf/btn_NextStep_Por_Dig_Step1' is clicked on

2018-10-15 16:33:49 - [TEST_STEP][PASSED] - verifyElementPresent: Object 'Object Repository/Digital Loyalty/Por_Digital inf/chx_SameAsBusiness_Por_Dig_Step2' is present

2018-10-15 16:33:49 - [MESSAGE][PASSED] - Object 'Object Repository/Digital Loyalty/Por_Digital inf/chx_SameAsBusiness_Por_Dig_Step2' is present

2018-10-15 16:33:49 - [TEST_STEP][PASSED] - check: Object 'Object Repository/Digital Loyalty/Por_Digital inf/chx_SameAsBusiness_Por_Dig_Step2' is checked

2018-10-15 16:33:49 - [MESSAGE][PASSED] - Object 'Object Repository/Digital Loyalty/Por_Digital inf/chx_SameAsBusiness_Por_Dig_Step2' is checked

2018-10-15 16:33:49 - [TEST_STEP][PASSED] - click: Object: 'Object Repository/Digital Loyalty/Por_Digital inf/btn_SubmitPayment_Por_Dig_Step2' is clicked on

2018-10-15 16:33:51 - [MESSAGE][PASSED] - Object: 'Object Repository/Digital Loyalty/Por_Digital inf/btn_SubmitPayment_Por_Dig_Step2' is clicked on

2018-10-15 16:33:51 - [TEST_STEP][PASSED] - verifyElementAttributeValue: Object 'Object Repository/Digital Loyalty/Por_Digital inf/txt_City_Por_Dig_Step2' has attribute 'value' with value 'HCMC'

2018-10-15 16:33:51 - [MESSAGE][WARNING] - Timeout '0' is invalid. Using default page load timeout: '30'

2018-10-15 16:33:51 - [MESSAGE][PASSED] - Object 'Object Repository/Digital Loyalty/Por_Digital inf/txt_City_Por_Dig_Step2' has attribute 'value' with value 'HCMC'

2018-10-15 16:33:51 - [TEST_STEP][PASSED] - verifyElementAttributeValue: Object 'Object Repository/Digital Loyalty/Por_Digital inf/txt_StreetAddress_Por_Dig_Step2' has attribute 'value' with value '123 streeet'

2018-10-15 16:33:51 - [MESSAGE][WARNING] - Timeout '0' is invalid. Using default page load timeout: '30'

2018-10-15 16:33:52 - [MESSAGE][PASSED] - Object 'Object Repository/Digital Loyalty/Por_Digital inf/txt_StreetAddress_Por_Dig_Step2' has attribute 'value' with value '123 streeet'

2018-10-15 16:33:52 - [TEST_STEP][PASSED] - verifyElementAttributeValue: Object 'Object Repository/Digital Loyalty/Por_Digital inf/txt_ZipCode_Por_Dig_Step2' has attribute 'value' with value '70000'

2018-10-15 16:33:52 - [MESSAGE][WARNING] - Timeout '0' is invalid. Using default page load timeout: '30'

2018-10-15 16:33:52 - [MESSAGE][PASSED] - Object 'Object Repository/Digital Loyalty/Por_Digital inf/txt_ZipCode_Por_Dig_Step2' has attribute 'value' with value '70000'

2018-10-15 16:33:52 - [TEST_STEP][PASSED] - verifyElementAttributeValue: Object 'Object Repository/Digital Loyalty/Por_Digital inf/txt_FirstName_Por_Dig_Step2' has attribute 'value' with value 'first name'

2018-10-15 16:33:52 - [MESSAGE][WARNING] - Timeout '0' is invalid. Using default page load timeout: '30'

2018-10-15 16:33:52 - [MESSAGE][PASSED] - Object 'Object Repository/Digital Loyalty/Por_Digital inf/txt_FirstName_Por_Dig_Step2' has attribute 'value' with value 'first name'

2018-10-15 16:33:52 - [TEST_STEP][PASSED] - verifyElementAttributeValue: Object 'Object Repository/Digital Loyalty/Por_Digital inf/txt_LastName_Por_Dig_Step2' has attribute 'value' with value 'last name'

2018-10-15 16:33:52 - [MESSAGE][WARNING] - Timeout '0' is invalid. Using default page load timeout: '30'

2018-10-15 16:33:52 - [MESSAGE][PASSED] - Object 'Object Repository/Digital Loyalty/Por_Digital inf/txt_LastName_Por_Dig_Step2' has attribute 'value' with value 'last name'

2018-10-15 16:33:52 - [TEST_STEP][PASSED] - closeBrowser: Browser is closed

2018-10-15 16:33:53 - [MESSAGE][PASSED] - Browser is closed]]></system-out>
         <system-err><![CDATA[]]></system-err>
      </testcase>
      <testcase name="Test Cases/Digital Loyalty/Sign Up/DigSig_12_Verify that submitting un-successfully payment with missing street address at step 2" classname="Test Cases/Digital Loyalty/Sign Up/DigSig_12_Verify that submitting un-successfully payment with missing street address at step 2" status="PASSED">
         <system-out><![CDATA[2018-10-15 16:33:53 - [TEST_CASE][PASSED] - Test Cases/Digital Loyalty/Sign Up/DigSig_12_Verify that submitting un-successfully payment with missing street address at step 2: Test Cases/Digital Loyalty/Sign Up/DigSig_12_Verify that submitting un-successfully payment with missing street address at step 2

2018-10-15 16:33:53 - [TEST_STEP][PASSED] - comment: Steps

2018-10-15 16:33:53 - [TEST_STEP][PASSED] - customkeyword.CommonKeyword.OpenBrowser: customkeyword.CommonKeyword.OpenBrowser is PASSED

2018-10-15 16:34:00 - [MESSAGE][PASSED] - Browser is opened with url: 'https://staging-1.pirq.com/digital-loyalty/signup'

2018-10-15 16:34:01 - [MESSAGE][PASSED] - Current window maximized

2018-10-15 16:34:01 - [MESSAGE][PASSED] - customkeyword.CommonKeyword.OpenBrowser is PASSED

2018-10-15 16:34:01 - [TEST_STEP][PASSED] - setText: Text '+84123456789' is set on object 'Object Repository/Digital Loyalty/Por_Digital inf/txt_Phone_Por_Dig_Step1'

2018-10-15 16:34:02 - [MESSAGE][PASSED] - Text '+84123456789' is set on object 'Object Repository/Digital Loyalty/Por_Digital inf/txt_Phone_Por_Dig_Step1'

2018-10-15 16:34:02 - [TEST_STEP][PASSED] - setText: Text 'first name' is set on object 'Object Repository/Digital Loyalty/Por_Digital inf/txt_FirstName_Por_Dig_Step1'

2018-10-15 16:34:02 - [MESSAGE][PASSED] - Text 'first name' is set on object 'Object Repository/Digital Loyalty/Por_Digital inf/txt_FirstName_Por_Dig_Step1'

2018-10-15 16:34:02 - [TEST_STEP][PASSED] - Statement - var_DigSignedUpEmail = CustomKeywords.customkeyword.CommonKeyword.GenerateEmail("Digital"): customkeyword.CommonKeyword.GenerateEmail is PASSED

2018-10-15 16:34:02 - [MESSAGE][PASSED] - customkeyword.CommonKeyword.GenerateEmail is PASSED

2018-10-15 16:34:02 - [TEST_STEP][PASSED] - setText: Text 'Digital151018043402@yopmail.com' is set on object 'Object Repository/Digital Loyalty/Por_Digital inf/txt_Email_Por_Dig_Step1'

2018-10-15 16:34:03 - [MESSAGE][PASSED] - Text 'Digital151018043402@yopmail.com' is set on object 'Object Repository/Digital Loyalty/Por_Digital inf/txt_Email_Por_Dig_Step1'

2018-10-15 16:34:03 - [TEST_STEP][PASSED] - setText: Text 'last name' is set on object 'Object Repository/Digital Loyalty/Por_Digital inf/txt_LastName_Por_Dig_Step1'

2018-10-15 16:34:04 - [MESSAGE][PASSED] - Text 'last name' is set on object 'Object Repository/Digital Loyalty/Por_Digital inf/txt_LastName_Por_Dig_Step1'

2018-10-15 16:34:04 - [TEST_STEP][PASSED] - setText: Text 'test company' is set on object 'Object Repository/Digital Loyalty/Por_Digital inf/txt_BusinessName_Por_Dig_Step1'

2018-10-15 16:34:04 - [MESSAGE][PASSED] - Text 'test company' is set on object 'Object Repository/Digital Loyalty/Por_Digital inf/txt_BusinessName_Por_Dig_Step1'

2018-10-15 16:34:04 - [TEST_STEP][PASSED] - setText: Text '123 streeet' is set on object 'Object Repository/Digital Loyalty/Por_Digital inf/txt_StreetAddress_Por_Dig_Step1'

2018-10-15 16:34:05 - [MESSAGE][PASSED] - Text '123 streeet' is set on object 'Object Repository/Digital Loyalty/Por_Digital inf/txt_StreetAddress_Por_Dig_Step1'

2018-10-15 16:34:05 - [TEST_STEP][PASSED] - setText: Text 'HCMC' is set on object 'Object Repository/Digital Loyalty/Por_Digital inf/txt_City_Por_Dig_Step1'

2018-10-15 16:34:05 - [MESSAGE][PASSED] - Text 'HCMC' is set on object 'Object Repository/Digital Loyalty/Por_Digital inf/txt_City_Por_Dig_Step1'

2018-10-15 16:34:05 - [TEST_STEP][PASSED] - setText: Text '70000' is set on object 'Object Repository/Digital Loyalty/Por_Digital inf/txt_PostalCode_Por_Dig_Step1'

2018-10-15 16:34:06 - [MESSAGE][PASSED] - Text '70000' is set on object 'Object Repository/Digital Loyalty/Por_Digital inf/txt_PostalCode_Por_Dig_Step1'

2018-10-15 16:34:06 - [TEST_STEP][PASSED] - click: Object: 'Object Repository/Digital Loyalty/Por_Digital inf/btn_NextStep_Por_Dig_Step1' is clicked on

2018-10-15 16:34:08 - [MESSAGE][PASSED] - Object: 'Object Repository/Digital Loyalty/Por_Digital inf/btn_NextStep_Por_Dig_Step1' is clicked on

2018-10-15 16:34:08 - [TEST_STEP][PASSED] - setText: Text 'HCM' is set on object 'Object Repository/Digital Loyalty/Por_Digital inf/txt_City_Por_Dig_Step2'

2018-10-15 16:34:09 - [MESSAGE][PASSED] - Text 'HCM' is set on object 'Object Repository/Digital Loyalty/Por_Digital inf/txt_City_Por_Dig_Step2'

2018-10-15 16:34:09 - [TEST_STEP][PASSED] - setText: Text '70000' is set on object 'Object Repository/Digital Loyalty/Por_Digital inf/txt_ZipCode_Por_Dig_Step2'

2018-10-15 16:34:09 - [MESSAGE][PASSED] - Text '70000' is set on object 'Object Repository/Digital Loyalty/Por_Digital inf/txt_ZipCode_Por_Dig_Step2'

2018-10-15 16:34:09 - [TEST_STEP][PASSED] - setText: Text '4242424242424242' is set on object 'Object Repository/Digital Loyalty/Por_Digital inf/txt_CreditCardNumber_Por_Dig_Step2'

2018-10-15 16:34:10 - [MESSAGE][PASSED] - Text '4242424242424242' is set on object 'Object Repository/Digital Loyalty/Por_Digital inf/txt_CreditCardNumber_Por_Dig_Step2'

2018-10-15 16:34:10 - [TEST_STEP][PASSED] - selectOptionByIndex: All options with index in [1] are selected on object 'Object Repository/Digital Loyalty/Por_Digital inf/drp_Date_Por_Dig_Step2'

2018-10-15 16:34:10 - [MESSAGE][PASSED] - All options with index in [1] are selected on object 'Object Repository/Digital Loyalty/Por_Digital inf/drp_Date_Por_Dig_Step2'

2018-10-15 16:34:10 - [TEST_STEP][PASSED] - selectOptionByIndex: All options with index in [10] are selected on object 'Object Repository/Digital Loyalty/Por_Digital inf/drp_Year_Por_Dig_Step2'

2018-10-15 16:34:11 - [MESSAGE][PASSED] - All options with index in [10] are selected on object 'Object Repository/Digital Loyalty/Por_Digital inf/drp_Year_Por_Dig_Step2'

2018-10-15 16:34:11 - [TEST_STEP][PASSED] - setText: Text '123' is set on object 'Object Repository/Digital Loyalty/Por_Digital inf/txt_CVV_Por_Dig_Step2'

2018-10-15 16:34:11 - [MESSAGE][PASSED] - Text '123' is set on object 'Object Repository/Digital Loyalty/Por_Digital inf/txt_CVV_Por_Dig_Step2'

2018-10-15 16:34:11 - [TEST_STEP][PASSED] - setText: Text 'first name' is set on object 'Object Repository/Digital Loyalty/Por_Digital inf/txt_FirstName_Por_Dig_Step2'

2018-10-15 16:34:12 - [MESSAGE][PASSED] - Text 'first name' is set on object 'Object Repository/Digital Loyalty/Por_Digital inf/txt_FirstName_Por_Dig_Step2'

2018-10-15 16:34:12 - [TEST_STEP][PASSED] - setText: Text 'last name' is set on object 'Object Repository/Digital Loyalty/Por_Digital inf/txt_LastName_Por_Dig_Step2'

2018-10-15 16:34:12 - [MESSAGE][PASSED] - Text 'last name' is set on object 'Object Repository/Digital Loyalty/Por_Digital inf/txt_LastName_Por_Dig_Step2'

2018-10-15 16:34:12 - [TEST_STEP][PASSED] - click: Object: 'Object Repository/Digital Loyalty/Por_Digital inf/btn_SubmitPayment_Por_Dig_Step2' is clicked on

2018-10-15 16:34:14 - [MESSAGE][PASSED] - Object: 'Object Repository/Digital Loyalty/Por_Digital inf/btn_SubmitPayment_Por_Dig_Step2' is clicked on

2018-10-15 16:34:14 - [TEST_STEP][PASSED] - verifyElementPresent: Object 'Object Repository/Digital Loyalty/Por_Digital inf/lbl_missingstreet_step2' is present

2018-10-15 16:34:14 - [MESSAGE][PASSED] - Object 'Object Repository/Digital Loyalty/Por_Digital inf/lbl_missingstreet_step2' is present

2018-10-15 16:34:14 - [TEST_STEP][PASSED] - closeBrowser: Browser is closed

2018-10-15 16:34:15 - [MESSAGE][PASSED] - Browser is closed]]></system-out>
         <system-err><![CDATA[]]></system-err>
      </testcase>
      <testcase name="Test Cases/Digital Loyalty/Sign Up/DigSig_13_Verify that submitting un-successfully payment with missing city at step 2" classname="Test Cases/Digital Loyalty/Sign Up/DigSig_13_Verify that submitting un-successfully payment with missing city at step 2" status="PASSED">
         <system-out><![CDATA[2018-10-15 16:34:15 - [TEST_CASE][PASSED] - Test Cases/Digital Loyalty/Sign Up/DigSig_13_Verify that submitting un-successfully payment with missing city at step 2: Test Cases/Digital Loyalty/Sign Up/DigSig_13_Verify that submitting un-successfully payment with missing city at step 2

2018-10-15 16:34:16 - [TEST_STEP][PASSED] - comment: Steps

2018-10-15 16:34:16 - [TEST_STEP][PASSED] - customkeyword.CommonKeyword.OpenBrowser: customkeyword.CommonKeyword.OpenBrowser is PASSED

2018-10-15 16:34:22 - [MESSAGE][PASSED] - Browser is opened with url: 'https://staging-1.pirq.com/digital-loyalty/signup'

2018-10-15 16:34:24 - [MESSAGE][PASSED] - Current window maximized

2018-10-15 16:34:24 - [MESSAGE][PASSED] - customkeyword.CommonKeyword.OpenBrowser is PASSED

2018-10-15 16:34:24 - [TEST_STEP][PASSED] - setText: Text '+84123456789' is set on object 'Object Repository/Digital Loyalty/Por_Digital inf/txt_Phone_Por_Dig_Step1'

2018-10-15 16:34:24 - [MESSAGE][PASSED] - Text '+84123456789' is set on object 'Object Repository/Digital Loyalty/Por_Digital inf/txt_Phone_Por_Dig_Step1'

2018-10-15 16:34:24 - [TEST_STEP][PASSED] - setText: Text 'first name' is set on object 'Object Repository/Digital Loyalty/Por_Digital inf/txt_FirstName_Por_Dig_Step1'

2018-10-15 16:34:25 - [MESSAGE][PASSED] - Text 'first name' is set on object 'Object Repository/Digital Loyalty/Por_Digital inf/txt_FirstName_Por_Dig_Step1'

2018-10-15 16:34:25 - [TEST_STEP][PASSED] - Statement - var_DigSignedUpEmail = CustomKeywords.customkeyword.CommonKeyword.GenerateEmail("Digital"): customkeyword.CommonKeyword.GenerateEmail is PASSED

2018-10-15 16:34:25 - [MESSAGE][PASSED] - customkeyword.CommonKeyword.GenerateEmail is PASSED

2018-10-15 16:34:25 - [TEST_STEP][PASSED] - setText: Text 'Digital151018043425@yopmail.com' is set on object 'Object Repository/Digital Loyalty/Por_Digital inf/txt_Email_Por_Dig_Step1'

2018-10-15 16:34:26 - [MESSAGE][PASSED] - Text 'Digital151018043425@yopmail.com' is set on object 'Object Repository/Digital Loyalty/Por_Digital inf/txt_Email_Por_Dig_Step1'

2018-10-15 16:34:26 - [TEST_STEP][PASSED] - setText: Text 'last name' is set on object 'Object Repository/Digital Loyalty/Por_Digital inf/txt_LastName_Por_Dig_Step1'

2018-10-15 16:34:26 - [MESSAGE][PASSED] - Text 'last name' is set on object 'Object Repository/Digital Loyalty/Por_Digital inf/txt_LastName_Por_Dig_Step1'

2018-10-15 16:34:26 - [TEST_STEP][PASSED] - setText: Text 'test company' is set on object 'Object Repository/Digital Loyalty/Por_Digital inf/txt_BusinessName_Por_Dig_Step1'

2018-10-15 16:34:27 - [MESSAGE][PASSED] - Text 'test company' is set on object 'Object Repository/Digital Loyalty/Por_Digital inf/txt_BusinessName_Por_Dig_Step1'

2018-10-15 16:34:27 - [TEST_STEP][PASSED] - setText: Text '123 street' is set on object 'Object Repository/Digital Loyalty/Por_Digital inf/txt_StreetAddress_Por_Dig_Step1'

2018-10-15 16:34:27 - [MESSAGE][PASSED] - Text '123 street' is set on object 'Object Repository/Digital Loyalty/Por_Digital inf/txt_StreetAddress_Por_Dig_Step1'

2018-10-15 16:34:27 - [TEST_STEP][PASSED] - setText: Text 'HCMC' is set on object 'Object Repository/Digital Loyalty/Por_Digital inf/txt_City_Por_Dig_Step1'

2018-10-15 16:34:28 - [MESSAGE][PASSED] - Text 'HCMC' is set on object 'Object Repository/Digital Loyalty/Por_Digital inf/txt_City_Por_Dig_Step1'

2018-10-15 16:34:28 - [TEST_STEP][PASSED] - setText: Text '70000' is set on object 'Object Repository/Digital Loyalty/Por_Digital inf/txt_PostalCode_Por_Dig_Step1'

2018-10-15 16:34:28 - [MESSAGE][PASSED] - Text '70000' is set on object 'Object Repository/Digital Loyalty/Por_Digital inf/txt_PostalCode_Por_Dig_Step1'

2018-10-15 16:34:28 - [TEST_STEP][PASSED] - click: Object: 'Object Repository/Digital Loyalty/Por_Digital inf/btn_NextStep_Por_Dig_Step1' is clicked on

2018-10-15 16:34:31 - [MESSAGE][PASSED] - Object: 'Object Repository/Digital Loyalty/Por_Digital inf/btn_NextStep_Por_Dig_Step1' is clicked on

2018-10-15 16:34:31 - [TEST_STEP][PASSED] - setText: Text '123 street' is set on object 'Object Repository/Digital Loyalty/Por_Digital inf/txt_StreetAddress_Por_Dig_Step2'

2018-10-15 16:34:31 - [MESSAGE][PASSED] - Text '123 street' is set on object 'Object Repository/Digital Loyalty/Por_Digital inf/txt_StreetAddress_Por_Dig_Step2'

2018-10-15 16:34:31 - [TEST_STEP][PASSED] - setText: Text '70000' is set on object 'Object Repository/Digital Loyalty/Por_Digital inf/txt_ZipCode_Por_Dig_Step2'

2018-10-15 16:34:32 - [MESSAGE][PASSED] - Text '70000' is set on object 'Object Repository/Digital Loyalty/Por_Digital inf/txt_ZipCode_Por_Dig_Step2'

2018-10-15 16:34:32 - [TEST_STEP][PASSED] - setText: Text '4242424242424242' is set on object 'Object Repository/Digital Loyalty/Por_Digital inf/txt_CreditCardNumber_Por_Dig_Step2'

2018-10-15 16:34:33 - [MESSAGE][PASSED] - Text '4242424242424242' is set on object 'Object Repository/Digital Loyalty/Por_Digital inf/txt_CreditCardNumber_Por_Dig_Step2'

2018-10-15 16:34:33 - [TEST_STEP][PASSED] - selectOptionByIndex: All options with index in [1] are selected on object 'Object Repository/Digital Loyalty/Por_Digital inf/drp_Date_Por_Dig_Step2'

2018-10-15 16:34:33 - [MESSAGE][PASSED] - All options with index in [1] are selected on object 'Object Repository/Digital Loyalty/Por_Digital inf/drp_Date_Por_Dig_Step2'

2018-10-15 16:34:33 - [TEST_STEP][PASSED] - selectOptionByIndex: All options with index in [10] are selected on object 'Object Repository/Digital Loyalty/Por_Digital inf/drp_Year_Por_Dig_Step2'

2018-10-15 16:34:34 - [MESSAGE][PASSED] - All options with index in [10] are selected on object 'Object Repository/Digital Loyalty/Por_Digital inf/drp_Year_Por_Dig_Step2'

2018-10-15 16:34:34 - [TEST_STEP][PASSED] - setText: Text '123' is set on object 'Object Repository/Digital Loyalty/Por_Digital inf/txt_CVV_Por_Dig_Step2'

2018-10-15 16:34:34 - [MESSAGE][PASSED] - Text '123' is set on object 'Object Repository/Digital Loyalty/Por_Digital inf/txt_CVV_Por_Dig_Step2'

2018-10-15 16:34:34 - [TEST_STEP][PASSED] - setText: Text 'first name' is set on object 'Object Repository/Digital Loyalty/Por_Digital inf/txt_FirstName_Por_Dig_Step2'

2018-10-15 16:34:35 - [MESSAGE][PASSED] - Text 'first name' is set on object 'Object Repository/Digital Loyalty/Por_Digital inf/txt_FirstName_Por_Dig_Step2'

2018-10-15 16:34:35 - [TEST_STEP][PASSED] - setText: Text 'last name' is set on object 'Object Repository/Digital Loyalty/Por_Digital inf/txt_LastName_Por_Dig_Step2'

2018-10-15 16:34:35 - [MESSAGE][PASSED] - Text 'last name' is set on object 'Object Repository/Digital Loyalty/Por_Digital inf/txt_LastName_Por_Dig_Step2'

2018-10-15 16:34:35 - [TEST_STEP][PASSED] - click: Object: 'Object Repository/Digital Loyalty/Por_Digital inf/btn_SubmitPayment_Por_Dig_Step2' is clicked on

2018-10-15 16:34:39 - [MESSAGE][PASSED] - Object: 'Object Repository/Digital Loyalty/Por_Digital inf/btn_SubmitPayment_Por_Dig_Step2' is clicked on

2018-10-15 16:34:39 - [TEST_STEP][PASSED] - verifyElementPresent: Object 'Object Repository/Digital Loyalty/Por_Digital inf/lbl_missingCity_Step2' is present

2018-10-15 16:34:39 - [MESSAGE][PASSED] - Object 'Object Repository/Digital Loyalty/Por_Digital inf/lbl_missingCity_Step2' is present

2018-10-15 16:34:39 - [TEST_STEP][PASSED] - closeBrowser: Browser is closed

2018-10-15 16:34:40 - [MESSAGE][PASSED] - Browser is closed]]></system-out>
         <system-err><![CDATA[]]></system-err>
      </testcase>
      <testcase name="Test Cases/Digital Loyalty/Sign Up/DigSig_14_Verify that submitting un-successfully payment with missing postal code at step 2" classname="Test Cases/Digital Loyalty/Sign Up/DigSig_14_Verify that submitting un-successfully payment with missing postal code at step 2" status="PASSED">
         <system-out><![CDATA[2018-10-15 16:34:40 - [TEST_CASE][PASSED] - Test Cases/Digital Loyalty/Sign Up/DigSig_14_Verify that submitting un-successfully payment with missing postal code at step 2: Test Cases/Digital Loyalty/Sign Up/DigSig_14_Verify that submitting un-successfully payment with missing postal code at step 2

2018-10-15 16:34:40 - [TEST_STEP][PASSED] - comment: Steps

2018-10-15 16:34:40 - [TEST_STEP][PASSED] - customkeyword.CommonKeyword.OpenBrowser: customkeyword.CommonKeyword.OpenBrowser is PASSED

2018-10-15 16:34:47 - [MESSAGE][PASSED] - Browser is opened with url: 'https://staging-1.pirq.com/digital-loyalty/signup'

2018-10-15 16:34:48 - [MESSAGE][PASSED] - Current window maximized

2018-10-15 16:34:48 - [MESSAGE][PASSED] - customkeyword.CommonKeyword.OpenBrowser is PASSED

2018-10-15 16:34:48 - [TEST_STEP][PASSED] - setText: Text '+84123456789' is set on object 'Object Repository/Digital Loyalty/Por_Digital inf/txt_Phone_Por_Dig_Step1'

2018-10-15 16:34:49 - [MESSAGE][PASSED] - Text '+84123456789' is set on object 'Object Repository/Digital Loyalty/Por_Digital inf/txt_Phone_Por_Dig_Step1'

2018-10-15 16:34:49 - [TEST_STEP][PASSED] - setText: Text 'first name' is set on object 'Object Repository/Digital Loyalty/Por_Digital inf/txt_FirstName_Por_Dig_Step1'

2018-10-15 16:34:49 - [MESSAGE][PASSED] - Text 'first name' is set on object 'Object Repository/Digital Loyalty/Por_Digital inf/txt_FirstName_Por_Dig_Step1'

2018-10-15 16:34:49 - [TEST_STEP][PASSED] - Statement - var_DigSignedUpEmail = CustomKeywords.customkeyword.CommonKeyword.GenerateEmail("Digital"): customkeyword.CommonKeyword.GenerateEmail is PASSED

2018-10-15 16:34:49 - [MESSAGE][PASSED] - customkeyword.CommonKeyword.GenerateEmail is PASSED

[...]
	at groovy.lang.MetaClassImpl.invokeMethod(MetaClassImpl.java:1215)
	at groovy.lang.MetaClassImpl.invokeMethod(MetaClassImpl.java:1024)
	at groovy.lang.MetaClassImpl.invokeMethod(MetaClassImpl.java:812)
	at groovy.lang.DelegatingMetaClass.invokeMethod(DelegatingMetaClass.java:144)
	at customkeyword.CommonKeyword.invokeMethod(CommonKeyword.groovy)
	at com.kms.katalon.core.main.CustomKeywordDelegatingMetaClass.invokeStaticMethod(CustomKeywordDelegatingMetaClass.java:46)
	at org.codehaus.groovy.runtime.callsite.StaticMetaClassSite.call(StaticMetaClassSite.java:53)
	at org.codehaus.groovy.runtime.callsite.CallSiteArray.defaultCall(CallSiteArray.java:48)
	at org.codehaus.groovy.runtime.callsite.AbstractCallSite.call(AbstractCallSite.java:113)
	at org.codehaus.groovy.runtime.callsite.AbstractCallSite.call(AbstractCallSite.java:133)
	at Script1539506280466.run(Script1539506280466.groovy:100)
	at com.kms.katalon.core.main.ScriptEngine.run(ScriptEngine.java:183)
	at com.kms.katalon.core.main.ScriptEngine.runScriptAsRawText(ScriptEngine.java:108)
	at com.kms.katalon.core.main.TestCaseExecutor.runScript(TestCaseExecutor.java:294)
	at com.kms.katalon.core.main.TestCaseExecutor.doExecute(TestCaseExecutor.java:285)
	at com.kms.katalon.core.main.TestCaseExecutor.processExecutionPhase(TestCaseExecutor.java:264)
	at com.kms.katalon.core.main.TestCaseExecutor.accessMainPhase(TestCaseExecutor.java:256)
	at com.kms.katalon.core.main.TestCaseExecutor.execute(TestCaseExecutor.java:200)
	at com.kms.katalon.core.main.TestSuiteExecutor.accessTestCaseMainPhase(TestSuiteExecutor.java:129)
	at com.kms.katalon.core.main.TestSuiteExecutor.accessTestSuiteMainPhase(TestSuiteExecutor.java:112)
	at com.kms.katalon.core.main.TestSuiteExecutor.execute(TestSuiteExecutor.java:81)
	at com.kms.katalon.core.main.TestCaseMain.startTestSuite(TestCaseMain.java:142)
	at com.kms.katalon.core.main.TestCaseMain$startTestSuite$0.call(Unknown Source)
	at org.codehaus.groovy.runtime.callsite.CallSiteArray.defaultCall(CallSiteArray.java:48)
	at org.codehaus.groovy.runtime.callsite.AbstractCallSite.call(AbstractCallSite.java:113)
	at org.codehaus.groovy.runtime.callsite.AbstractCallSite.call(AbstractCallSite.java:141)
	at TempTestSuite1539595817506.run(TempTestSuite1539595817506.groovy:36)
	at groovy.lang.GroovyShell.runScriptOrMainOrTestOrRunnable(GroovyShell.java:263)
	at groovy.lang.GroovyShell.run(GroovyShell.java:518)
	at groovy.lang.GroovyShell.run(GroovyShell.java:507)
	at groovy.ui.GroovyMain.processOnce(GroovyMain.java:653)
	at groovy.ui.GroovyMain.run(GroovyMain.java:384)
	at groovy.ui.GroovyMain.process(GroovyMain.java:370)
	at groovy.ui.GroovyMain.processArgs(GroovyMain.java:129)
	at groovy.ui.GroovyMain.main(GroovyMain.java:109)
	at sun.reflect.NativeMethodAccessorImpl.invoke0(Native Method)
	at sun.reflect.NativeMethodAccessorImpl.invoke(NativeMethodAccessorImpl.java:62)
	at sun.reflect.DelegatingMethodAccessorImpl.invoke(DelegatingMethodAccessorImpl.java:43)
	at java.lang.reflect.Method.invoke(Method.java:498)
	at org.codehaus.groovy.tools.GroovyStarter.rootLoader(GroovyStarter.java:109)
	at org.codehaus.groovy.tools.GroovyStarter.main(GroovyStarter.java:131)
)]]></system-err>
      </testcase>
      <system-out><![CDATA[2018-10-15 16:30:23 - [TEST_SUITE][ERROR] - Digital Loyalty: Test Cases/Digital Loyalty/Sign Up/DigSig_31_Verify that submitting successfully password if full-fill valid information FAILED because (of) (Stack trace: org.openqa.selenium.WebDriverException: chrome not reachable
  (Session info: chrome=69.0.3497.100)
  (Driver info: chromedriver=2.35.528161 (5b82f2d2aae0ca24b877009200ced9065a772e73),platform=Windows NT 10.0.17134 x86_64) (WARNING: The server did not provide any stacktrace information)
Command duration or timeout: 0 milliseconds
Build info: version: '3.7.1', revision: '8a0099a', time: '2017-11-06T21:07:36.161Z'
System info: host: 'DESKTOP-PB1MMKA', ip: '10.0.0.173', os.name: 'Windows 10', os.arch: 'amd64', os.version: '10.0', java.version: '1.8.0_181'
Driver info: com.kms.katalon.selenium.driver.CChromeDriver
Capabilities {acceptInsecureCerts: false, acceptSslCerts: false, applicationCacheEnabled: false, browserConnectionEnabled: false, browserName: chrome, chrome: {chromedriverVersion: 2.35.528161 (5b82f2d2aae0ca..., userDataDir: C:\Users\thuat\AppData\Loca...}, cssSelectorsEnabled: true, databaseEnabled: false, handlesAlerts: true, hasTouchScreen: false, javascriptEnabled: true, locationContextEnabled: true, mobileEmulationEnabled: false, nativeEvents: true, networkConnectionEnabled: false, pageLoadStrategy: normal, platform: XP, platformName: XP, rotatable: false, setWindowRect: true, takesHeapSnapshot: true, takesScreenshot: true, unexpectedAlertBehaviour: , unhandledPromptBehavior: , version: 69.0.3497.100, webStorageEnabled: true}
Session ID: 1febc2e7b4035bdf5aab6d8cddfae356
*** Element info: {Using=xpath, value=//div[text()='Welcome Pirq Merchant']}
	at sun.reflect.NativeConstructorAccessorImpl.newInstance0(Native Method)
	at sun.reflect.NativeConstructorAccessorImpl.newInstance(NativeConstructorAccessorImpl.java:62)
	at sun.reflect.DelegatingConstructorAccessorImpl.newInstance(DelegatingConstructorAccessorImpl.java:45)
	at java.lang.reflect.Constructor.newInstance(Constructor.java:423)
	at org.openqa.selenium.remote.ErrorHandler.createThrowable(ErrorHandler.java:214)
	at org.openqa.selenium.remote.ErrorHandler.throwIfResponseFailed(ErrorHandler.java:166)
	at org.openqa.selenium.remote.http.JsonHttpResponseCodec.reconstructValue(JsonHttpResponseCodec.java:40)
	at org.openqa.selenium.remote.http.AbstractHttpResponseCodec.decode(AbstractHttpResponseCodec.java:80)
	at org.openqa.selenium.remote.http.AbstractHttpResponseCodec.decode(AbstractHttpResponseCodec.java:44)
	at org.openqa.selenium.remote.HttpCommandExecutor.execute(HttpCommandExecutor.java:164)
	at org.openqa.selenium.remote.service.DriverCommandExecutor.execute(DriverCommandExecutor.java:83)
	at org.openqa.selenium.remote.RemoteWebDriver.execute(RemoteWebDriver.java:600)
	at com.kms.katalon.selenium.driver.CChromeDriver.execute(CChromeDriver.java:20)
	at org.openqa.selenium.remote.RemoteWebDriver.findElements(RemoteWebDriver.java:397)
	at org.openqa.selenium.remote.RemoteWebDriver.findElementsByXPath(RemoteWebDriver.java:476)
	at org.openqa.selenium.By$ByXPath.findElements(By.java:356)
	at org.openqa.selenium.remote.RemoteWebDriver.findElements(RemoteWebDriver.java:358)
	at org.openqa.selenium.support.ui.ExpectedConditions.findElement(ExpectedConditions.java:881)
	at org.openqa.selenium.support.ui.ExpectedConditions.access$000(ExpectedConditions.java:43)
	at org.openqa.selenium.support.ui.ExpectedConditions$7.apply(ExpectedConditions.java:205)
	at org.openqa.selenium.support.ui.ExpectedConditions$7.apply(ExpectedConditions.java:201)
	at org.openqa.selenium.support.ui.FluentWait.until(FluentWait.java:208)
	at org.openqa.selenium.support.ui.Wait$until.call(Unknown Source)
	at customkeyword.CommonKeyword.WaitForElementVisible(CommonKeyword.groovy:58)
	at sun.reflect.NativeMethodAccessorImpl.invoke0(Native Method)
	at sun.reflect.NativeMethodAccessorImpl.invoke(NativeMethodAccessorImpl.java:62)
	at sun.reflect.DelegatingMethodAccessorImpl.invoke(DelegatingMethodAccessorImpl.java:43)
	at java.lang.reflect.Method.invoke(Method.java:498)
	at org.codehaus.groovy.reflection.CachedMethod.invoke(CachedMethod.java:93)
	at groovy.lang.MetaMethod.doMethodInvoke(MetaMethod.java:325)
	at groovy.lang.MetaClassImpl.invokeMethod(MetaClassImpl.java:1215)
	at groovy.lang.MetaClassImpl.invokeMethod(MetaClassImpl.java:1024)
	at groovy.lang.DelegatingMetaClass.invokeMethod(DelegatingMetaClass.java:151)
	at org.codehaus.groovy.runtime.callsite.PogoMetaClassSite.callCurrent(PogoMetaClassSite.java:69)
	at org.codehaus.groovy.runtime.callsite.AbstractCallSite.callCurrent(AbstractCallSite.java:174)
	at customkeyword.CommonKeyword.CheckYopmailLink(CommonKeyword.groovy:107)
	at sun.reflect.NativeMethodAccessorImpl.invoke0(Native Method)
	at sun.reflect.NativeMethodAccessorImpl.invoke(NativeMethodAccessorImpl.java:62)
	at sun.reflect.DelegatingMethodAccessorImpl.invoke(DelegatingMethodAccessorImpl.java:43)
	at java.lang.reflect.Method.invoke(Method.java:498)
	at org.codehaus.groovy.reflection.CachedMethod.invoke(CachedMethod.java:93)
	at groovy.lang.MetaMethod.doMethodInvoke(MetaMethod.java:325)
	at groovy.lang.MetaClassImpl.invokeMethod(MetaClassImpl.java:1215)
	at groovy.lang.MetaClassImpl.invokeMethod(MetaClassImpl.java:1024)
	at groovy.lang.MetaClassImpl.invokeMethod(MetaClassImpl.java:812)
	at groovy.lang.DelegatingMetaClass.invokeMethod(DelegatingMetaClass.java:144)
	at customkeyword.CommonKeyword.invokeMethod(CommonKeyword.groovy)
	at com.kms.katalon.core.main.CustomKeywordDelegatingMetaClass.invokeStaticMethod(CustomKeywordDelegatingMetaClass.java:46)
	at org.codehaus.groovy.runtime.callsite.StaticMetaClassSite.call(StaticMetaClassSite.java:53)
	at org.codehaus.groovy.runtime.callsite.CallSiteArray.defaultCall(CallSiteArray.java:48)
	at org.codehaus.groovy.runtime.callsite.AbstractCallSite.call(AbstractCallSite.java:113)
	at org.codehaus.groovy.runtime.callsite.AbstractCallSite.call(AbstractCallSite.java:133)
	at Script1539506280466.run(Script1539506280466.groovy:100)
	at com.kms.katalon.core.main.ScriptEngine.run(ScriptEngine.java:183)
	at com.kms.katalon.core.main.ScriptEngine.runScriptAsRawText(ScriptEngine.java:108)
	at com.kms.katalon.core.main.TestCaseExecutor.runScript(TestCaseExecutor.java:294)
	at com.kms.katalon.core.main.TestCaseExecutor.doExecute(TestCaseExecutor.java:285)
	at com.kms.katalon.core.main.TestCaseExecutor.processExecutionPhase(TestCaseExecutor.java:264)
	at com.kms.katalon.core.main.TestCaseExecutor.accessMainPhase(TestCaseExecutor.java:256)
	at com.kms.katalon.core.main.TestCaseExecutor.execute(TestCaseExecutor.java:200)
	at com.kms.katalon.core.main.TestSuiteExecutor.accessTestCaseMainPhase(TestSuiteExecutor.java:129)
	at com.kms.katalon.core.main.TestSuiteExecutor.accessTestSuiteMainPhase(TestSuiteExecutor.java:112)
	at com.kms.katalon.core.main.TestSuiteExecutor.execute(TestSuiteExecutor.java:81)
	at com.kms.katalon.core.main.TestCaseMain.startTestSuite(TestCaseMain.java:142)
	at com.kms.katalon.core.main.TestCaseMain$startTestSuite$0.call(Unknown Source)
	at org.codehaus.groovy.runtime.callsite.CallSiteArray.defaultCall(CallSiteArray.java:48)
	at org.codehaus.groovy.runtime.callsite.AbstractCallSite.call(AbstractCallSite.java:113)
	at org.codehaus.groovy.runtime.callsite.AbstractCallSite.call(AbstractCallSite.java:141)
	at TempTestSuite1539595817506.run(TempTestSuite1539595817506.groovy:36)
	at groovy.lang.GroovyShell.runScriptOrMainOrTestOrRunnable(GroovyShell.java:263)
	at groovy.lang.GroovyShell.run(GroovyShell.java:518)
	at groovy.lang.GroovyShell.run(GroovyShell.java:507)
	at groovy.ui.GroovyMain.processOnce(GroovyMain.java:653)
	at groovy.ui.GroovyMain.run(GroovyMain.java:384)
	at groovy.ui.GroovyMain.process(GroovyMain.java:370)
	at groovy.ui.GroovyMain.processArgs(GroovyMain.java:129)
	at groovy.ui.GroovyMain.main(GroovyMain.java:109)
	at sun.reflect.NativeMethodAccessorImpl.invoke0(Native Method)
	at sun.reflect.NativeMethodAccessorImpl.invoke(NativeMethodAccessorImpl.java:62)
	at sun.reflect.DelegatingMethodAccessorImpl.invoke(DelegatingMethodAccessorImpl.java:43)
	at java.lang.reflect.Method.invoke(Method.java:498)
	at org.codehaus.groovy.tools.GroovyStarter.rootLoader(GroovyStarter.java:109)
	at org.codehaus.groovy.tools.GroovyStarter.main(GroovyStarter.java:131)
)]]></system-out>
      <system-err><![CDATA[2018-10-15 16:30:23 - [TEST_SUITE][ERROR] - Digital Loyalty: Test Cases/Digital Loyalty/Sign Up/DigSig_31_Verify that submitting successfully password if full-fill valid information FAILED because (of) (Stack trace: org.openqa.selenium.WebDriverException: chrome not reachable
  (Session info: chrome=69.0.3497.100)
  (Driver info: chromedriver=2.35.528161 (5b82f2d2aae0ca24b877009200ced9065a772e73),platform=Windows NT 10.0.17134 x86_64) (WARNING: The server did not provide any stacktrace information)
Command duration or timeout: 0 milliseconds
Build info: version: '3.7.1', revision: '8a0099a', time: '2017-11-06T21:07:36.161Z'
System info: host: 'DESKTOP-PB1MMKA', ip: '10.0.0.173', os.name: 'Windows 10', os.arch: 'amd64', os.version: '10.0', java.version: '1.8.0_181'
Driver info: com.kms.katalon.selenium.driver.CChromeDriver
Capabilities {acceptInsecureCerts: false, acceptSslCerts: false, applicationCacheEnabled: false, browserConnectionEnabled: false, browserName: chrome, chrome: {chromedriverVersion: 2.35.528161 (5b82f2d2aae0ca..., userDataDir: C:\Users\thuat\AppData\Loca...}, cssSelectorsEnabled: true, databaseEnabled: false, handlesAlerts: true, hasTouchScreen: false, javascriptEnabled: true, locationContextEnabled: true, mobileEmulationEnabled: false, nativeEvents: true, networkConnectionEnabled: false, pageLoadStrategy: normal, platform: XP, platformName: XP, rotatable: false, setWindowRect: true, takesHeapSnapshot: true, takesScreenshot: true, unexpectedAlertBehaviour: , unhandledPromptBehavior: , version: 69.0.3497.100, webStorageEnabled: true}
Session ID: 1febc2e7b4035bdf5aab6d8cddfae356
*** Element info: {Using=xpath, value=//div[text()='Welcome Pirq Merchant']}
	at sun.reflect.NativeConstructorAccessorImpl.newInstance0(Native Method)
	at sun.reflect.NativeConstructorAccessorImpl.newInstance(NativeConstructorAccessorImpl.java:62)
	at sun.reflect.DelegatingConstructorAccessorImpl.newInstance(DelegatingConstructorAccessorImpl.java:45)
	at java.lang.reflect.Constructor.newInstance(Constructor.java:423)
	at org.openqa.selenium.remote.ErrorHandler.createThrowable(ErrorHandler.java:214)
	at org.openqa.selenium.remote.ErrorHandler.throwIfResponseFailed(ErrorHandler.java:166)
	at org.openqa.selenium.remote.http.JsonHttpResponseCodec.reconstructValue(JsonHttpResponseCodec.java:40)
	at org.openqa.selenium.remote.http.AbstractHttpResponseCodec.decode(AbstractHttpResponseCodec.java:80)
	at org.openqa.selenium.remote.http.AbstractHttpResponseCodec.decode(AbstractHttpResponseCodec.java:44)
	at org.openqa.selenium.remote.HttpCommandExecutor.execute(HttpCommandExecutor.java:164)
	at org.openqa.selenium.remote.service.DriverCommandExecutor.execute(DriverCommandExecutor.java:83)
	at org.openqa.selenium.remote.RemoteWebDriver.execute(RemoteWebDriver.java:600)
	at com.kms.katalon.selenium.driver.CChromeDriver.execute(CChromeDriver.java:20)
	at org.openqa.selenium.remote.RemoteWebDriver.findElements(RemoteWebDriver.java:397)
	at org.openqa.selenium.remote.RemoteWebDriver.findElementsByXPath(RemoteWebDriver.java:476)
	at org.openqa.selenium.By$ByXPath.findElements(By.java:356)
	at org.openqa.selenium.remote.RemoteWebDriver.findElements(RemoteWebDriver.java:358)
	at org.openqa.selenium.support.ui.ExpectedConditions.findElement(ExpectedConditions.java:881)
	at org.openqa.selenium.support.ui.ExpectedConditions.access$000(ExpectedConditions.java:43)
	at org.openqa.selenium.support.ui.ExpectedConditions$7.apply(ExpectedConditions.java:205)
	at org.openqa.selenium.support.ui.ExpectedConditions$7.apply(ExpectedConditions.java:201)
	at org.openqa.selenium.support.ui.FluentWait.until(FluentWait.java:208)
	at org.openqa.selenium.support.ui.Wait$until.call(Unknown Source)
	at customkeyword.CommonKeyword.WaitForElementVisible(CommonKeyword.groovy:58)
	at sun.reflect.NativeMethodAccessorImpl.invoke0(Native Method)
	at sun.reflect.NativeMethodAccessorImpl.invoke(NativeMethodAccessorImpl.java:62)
	at sun.reflect.DelegatingMethodAccessorImpl.invoke(DelegatingMethodAccessorImpl.java:43)
	at java.lang.reflect.Method.invoke(Method.java:498)
	at org.codehaus.groovy.reflection.CachedMethod.invoke(CachedMethod.java:93)
	at groovy.lang.MetaMethod.doMethodInvoke(MetaMethod.java:325)
	at groovy.lang.MetaClassImpl.invokeMethod(MetaClassImpl.java:1215)
	at groovy.lang.MetaClassImpl.invokeMethod(MetaClassImpl.java:1024)
	at groovy.lang.DelegatingMetaClass.invokeMethod(DelegatingMetaClass.java:151)
	at org.codehaus.groovy.runtime.callsite.PogoMetaClassSite.callCurrent(PogoMetaClassSite.java:69)
	at org.codehaus.groovy.runtime.callsite.AbstractCallSite.callCurrent(AbstractCallSite.java:174)
	at customkeyword.CommonKeyword.CheckYopmailLink(CommonKeyword.groovy:107)
	at sun.reflect.NativeMethodAccessorImpl.invoke0(Native Method)
	at sun.reflect.NativeMethodAccessorImpl.invoke(NativeMethodAccessorImpl.java:62)
	at sun.reflect.DelegatingMethodAccessorImpl.invoke(DelegatingMethodAccessorImpl.java:43)
	at java.lang.reflect.Method.invoke(Method.java:498)
	at org.codehaus.groovy.reflection.CachedMethod.invoke(CachedMethod.java:93)
	at groovy.lang.MetaMethod.doMethodInvoke(MetaMethod.java:325)
	at groovy.lang.MetaClassImpl.invokeMethod(MetaClassImpl.java:1215)
	at groovy.lang.MetaClassImpl.invokeMethod(MetaClassImpl.java:1024)
	at groovy.lang.MetaClassImpl.invokeMethod(MetaClassImpl.java:812)
	at groovy.lang.DelegatingMetaClass.invokeMethod(DelegatingMetaClass.java:144)
	at customkeyword.CommonKeyword.invokeMethod(CommonKeyword.groovy)
	at com.kms.katalon.core.main.CustomKeywordDelegatingMetaClass.invokeStaticMethod(CustomKeywordDelegatingMetaClass.java:46)
	at org.codehaus.groovy.runtime.callsite.StaticMetaClassSite.call(StaticMetaClassSite.java:53)
	at org.codehaus.groovy.runtime.callsite.CallSiteArray.defaultCall(CallSiteArray.java:48)
	at org.codehaus.groovy.runtime.callsite.AbstractCallSite.call(AbstractCallSite.java:113)
	at org.codehaus.groovy.runtime.callsite.AbstractCallSite.call(AbstractCallSite.java:133)
	at Script1539506280466.run(Script1539506280466.groovy:100)
	at com.kms.katalon.core.main.ScriptEngine.run(ScriptEngine.java:183)
	at com.kms.katalon.core.main.ScriptEngine.runScriptAsRawText(ScriptEngine.java:108)
	at com.kms.katalon.core.main.TestCaseExecutor.runScript(TestCaseExecutor.java:294)
	at com.kms.katalon.core.main.TestCaseExecutor.doExecute(TestCaseExecutor.java:285)
	at com.kms.katalon.core.main.TestCaseExecutor.processExecutionPhase(TestCaseExecutor.java:264)
	at com.kms.katalon.core.main.TestCaseExecutor.accessMainPhase(TestCaseExecutor.java:256)
	at com.kms.katalon.core.main.TestCaseExecutor.execute(TestCaseExecutor.java:200)
	at com.kms.katalon.core.main.TestSuiteExecutor.accessTestCaseMainPhase(TestSuiteExecutor.java:129)
	at com.kms.katalon.core.main.TestSuiteExecutor.accessTestSuiteMainPhase(TestSuiteExecutor.java:112)
	at com.kms.katalon.core.main.TestSuiteExecutor.execute(TestSuiteExecutor.java:81)
	at com.kms.katalon.core.main.TestCaseMain.startTestSuite(TestCaseMain.java:142)
	at com.kms.katalon.core.main.TestCaseMain$startTestSuite$0.call(Unknown Source)
	at org.codehaus.groovy.runtime.callsite.CallSiteArray.defaultCall(CallSiteArray.java:48)
	at org.codehaus.groovy.runtime.callsite.AbstractCallSite.call(AbstractCallSite.java:113)
	at org.codehaus.groovy.runtime.callsite.AbstractCallSite.call(AbstractCallSite.java:141)
	at TempTestSuite1539595817506.run(TempTestSuite1539595817506.groovy:36)
	at groovy.lang.GroovyShell.runScriptOrMainOrTestOrRunnable(GroovyShell.java:263)
	at groovy.lang.GroovyShell.run(GroovyShell.java:518)
	at groovy.lang.GroovyShell.run(GroovyShell.java:507)
	at groovy.ui.GroovyMain.processOnce(GroovyMain.java:653)
	at groovy.ui.GroovyMain.run(GroovyMain.java:384)
	at groovy.ui.GroovyMain.process(GroovyMain.java:370)
	at groovy.ui.GroovyMain.processArgs(GroovyMain.java:129)
	at groovy.ui.GroovyMain.main(GroovyMain.java:109)
	at sun.reflect.NativeMethodAccessorImpl.invoke0(Native Method)
	at sun.reflect.NativeMethodAccessorImpl.invoke(NativeMethodAccessorImpl.java:62)
	at sun.reflect.DelegatingMethodAccessorImpl.invoke(DelegatingMethodAccessorImpl.java:43)
	at java.lang.reflect.Method.invoke(Method.java:498)
	at org.codehaus.groovy.tools.GroovyStarter.rootLoader(GroovyStarter.java:109)
	at org.codehaus.groovy.tools.GroovyStarter.main(GroovyStarter.java:131)
)]]></system-err>
   </testsuite>
</testsuites>
